VISUALIZERROOT = '/hd/cad/mentor/qformal/share/modeltech/linux_x86_64/Visualizer'
USER = 'esingh'
Loading tcl script /hd/cad/mentor/qformal/share/modeltech/linux_x86_64/Visualizer/lib/visualizer/tclscripts/designutil.tcl
Done loading tcl script </hd/cad/mentor/qformal/share/modeltech/linux_x86_64/Visualizer/lib/visualizer/tclscripts/designutil.tcl>
Server Initialized ...
Mentor Graphics software version linux_x86_64-10.5c (Build 202_20_2016)
Copyright (C) 1999-2016 by Mentor Graphics All rights reserved.
   from_mega_agent
   +outputDir+/tmp/scratch_visualizer/6171
   +tcl
   -I/cad/mentor/qformal/linux_x86_64/share/modeltech/bin/../linux_x86_64/Visualizer/tb/incl
   +designfile+/rsgs/pool0/esingh/trojan_demos/vscale_counter/Output_Results/qcache/VISUALIZER/design.bin
   +no_splash
   +visformal
   +external_client
   +designfile+design.bin
   +designfile+/rsgs/pool0/esingh/trojan_demos/vscale_counter/Output_Results/qcache/VISUALIZER/design.bin

Command line option(s) :
   +outputDir+/tmp/scratch_visualizer/6171
   +tcl
   -I/cad/mentor/qformal/linux_x86_64/share/modeltech/bin/../linux_x86_64/Visualizer/tb/incl
   +designfile+/rsgs/pool0/esingh/trojan_demos/vscale_counter/Output_Results/qcache/VISUALIZER/design.bin
   +no_splash
   +visformal
   +external_client
   +designfile+design.bin
   +designfile+/rsgs/pool0/esingh/trojan_demos/vscale_counter/Output_Results/qcache/VISUALIZER/design.bin

New PLI Id assignment (at parsing time) will be used.

Resolving hierarchical names.......


Done resolving hierarchical names.......

Creating var connectivity .......
Done Creating var connectivity .......
Running the Inference engine on the design...
Inference engine run completed.
Design Statistics
        Simple flops = 3
            SR flops = 10
         Always Comb = 8
               Muxes = 5
            CA-Muxes = 7
        Cont-Assigns = 210
          SVA-Assert = 15
End of Design Statistics
design loaded ...
Reading file /rsghome/esingh/pool0-esingh/trojan_demos/vscale_counter/vscale_checker_bind.sv
Reading file /rsghome/esingh/pool0-esingh/trojan_demos/vscale_counter/vscale_checker.sv
End of log Wed Apr 29 11:43:14 2020


Window layout Default has been saved in file /rsghome/esingh/.visualizer/layout.xml
