================================================================================
== Profile: REAL-TIME, VTIME, CPU-freq = 2.60 GHz
                                                          Calls Real-Time  Parent  Virt-Time  Parent 
                                                                   (secs) fraction    (secs) fraction

    <zixl_543IiP35>~_zixl                                                1       3.9 (100.0%)       0.0 (100.0%)
  zixl_5A5-ZAiL~_zixl                                                    1       3.9                0.0         
    zixl_L125A5-I3L~_zixl                                                1       3.8 ( 99.6%)       0.0 (100.0%)
      zixl_L125A5-1t1L2-ePP4~_zixl                                       1       3.8 ( 99.2%)       0.0 (100.0%)
        zixl_L125A5-UPI8~_zixl                                          53       0.8 ( 21.1%)       0.0 (100.0%)
          zixl_L125A5-rI1A21-yeL~_zixl                                   1       0.4 ( 46.2%)       0.0 (100.0%)
            zixl_5ry-58i4_yLe~_zixl                                      1       0.3 ( 73.0%)       0.0 ( 84.3%)
              zixl_yeLdLe-P32~_zixl                                     49       0.3 ( 94.9%)       0.0 ( 52.5%)
                zixl_yeLdLe-yy~_zixl                                   240       0.2 ( 96.7%)       0.0 (100.0%)
                  zixl_yeLdLe-yy-yy~_zixl                             2385       0.1 ( 23.9%)       0.0 (  0.0%)
                    zixl_yy-yy [T]~_zixl                              2385       0.1 ( 99.8%)       0.0 ( -nan%)
                  zixl_IUTe-y3ieS-6IPZ-AIIAO~_zixl                       1       0.0 (  1.4%)       0.0 (  0.0%)
                  <zixl_I152>~_zixl                                              0.2 ( 74.7%)       0.0 (100.0%)
                <zixl_I152>~_zixl                                                0.0 (  3.3%)       0.0 (  0.0%)
              <zixl_I152>~_zixl                                                  0.0 (  5.1%)       0.0 ( 47.5%)
            zixl_5ry-6i942~_zixl                                         1       0.1 ( 27.0%)       0.0 ( 15.7%)
              zixl_UeLfA2AB1S3r1~_zixl                                   1       0.1 ( 95.2%)       0.0 (100.0%)
                zixl_UeL-w352i6O~_zixl                                   1       0.1 ( 89.5%)       0.0 ( 94.6%)
                  zixl_UeL-5LeTUeL~_zixl                                 1       0.1 ( 95.0%)       0.0 ( 59.5%)
                    zixl_yy-yy [R]~_zixl                                16       0.0 (  2.1%)       0.0 (  0.0%)
                    <zixl_I152>~_zixl                                            0.1 ( 97.9%)       0.0 (100.0%)
                  zixl_UeL-w352i6O-i~_zixl                               1       0.0 (  4.9%)       0.0 ( 40.4%)
                    zixl_UeL-5LeTUeL-6iLi57~_zixl                        1       0.0 (  8.5%)       0.0 (  0.1%)
                    <zixl_I152>~_zixl                                            0.0 ( 91.5%)       0.0 ( 99.9%)
                zixl_UeL-SA2A-ALAeOz1~_zixl                           2771       0.0 (  2.7%)       0.0 (  0.1%)
                zixl_UeL-SA2A~_zixl                                      1       0.0 (  2.4%)       0.0 (  5.0%)
                  zixl_UeL-SA2A-tAI5~_zixl                               1       0.0 (100.0%)       0.0 (100.0%)
                zixl_UeL-SA2A-511L~_zixl                                 1       0.0 (  2.1%)       0.0 (  0.2%)
                <zixl_I152>~_zixl                                                0.0 (  3.3%)       0.0 (  0.1%)
              zixl_6i942-iLi2~_zixl                                      1       0.0 (  4.8%)       0.0 (  0.0%)
                zixl_diZ3eA21dLeb::diZ3eA21~_zixl                        2       0.0 ( 10.5%)       0.0 ( -nan%)
                <zixl_I152>~_zixl                                                0.0 ( 89.5%)       0.0 ( -nan%)
          zixl_L125A5-iLi2-6ISy~_zixl                                    1       0.2 ( 21.3%)       0.0 (  0.0%)
            zixl_6ISy-rI1A21-6IPZ-6PIZAe-Sy~_zixl                        1       0.2 ( 99.2%)       0.0 ( -nan%)
              zixl_6ISy-I152PI1-51r2iPL~_zixl                            1       0.2 ( 99.6%)       0.0 ( -nan%)
                zixl_6ISy-I152PI1-rPZ4-Sy~_zixl                          1       0.2 (100.0%)       0.0 ( -nan%)
                  zixl_I152PI1-5Le~_zixl                                 1       0.2 ( 97.9%)       0.0 ( -nan%)
                    zixl_zi_5Le_rPL2192_I152PI1~_zixl                    1       0.2 ( 99.8%)       0.0 ( -nan%)
                      zixl_5Le-I52I-iLi2iAe-I1q-tAe315~_zixl             1       0.1 ( 70.9%)       0.0 ( -nan%)
                      zixl_5Le-I52I-iS-AIIAO~_zixl                       1       0.0 ( 12.0%)       0.0 ( -nan%)
                        zixl_I152PI1-194I-5Ir5iL8~_zixl               1696       0.0 ( 16.8%)       0.0 ( -nan%)
                        zixl_I152PI1-194I-194I~_zixl                  3722       0.0 ( 15.3%)       0.0 ( -nan%)
                        zixl_I152PI1-194I-I1q~_zixl                    279       0.0 (  5.6%)       0.0 ( -nan%)
                        <zixl_I152>~_zixl                                        0.0 ( 62.3%)       0.0 ( -nan%)
                      zixl_dLeB152PI1Q1e2~_zixl                          1       0.0 (  2.8%)       0.0 ( -nan%)
                      <zixl_I152>~_zixl                                          0.0 ( 13.9%)       0.0 ( -nan%)
                  zixl_rPZ4Sy-I152PI1~_zixl                              1       0.0 (  1.9%)       0.0 ( -nan%)
                    zixl_rPZ4Sy-I152PI1-32q~_zixl                        1       0.0 ( 73.7%)       0.0 ( -nan%)
                    zixl_rPZ4Sy-I152PI1-4Sy~_zixl                        1       0.0 ( 16.0%)       0.0 ( -nan%)
                    zixl_rPZ4Sy-I152PI1-rSy~_zixl                        1       0.0 (  6.7%)       0.0 ( -nan%)
                    zixl_rPZ4Sy-I152PI1-SA2A~_zixl                       1       0.0 (  2.3%)       0.0 ( -nan%)
          zixl_ePq-5A61-6iIiLq~_zixl                                    15       0.1 (  9.4%)       0.0 (  0.0%)
            zixl_ePq6T-1tAe3A21-qPAe5~_zixl                             15       0.0 ( 51.5%)       0.0 ( -nan%)
              zixl_ePqT6-1tAe3A21-qPAe~_zixl                          1440       0.0 ( 94.9%)       0.0 ( -nan%)
                zixl_5Le-194I-q12-rPL52 [E]~_zixl                    11431       0.0 ( 20.1%)       0.0 ( -nan%)
                <zixl_I152>~_zixl                                                0.0 ( 79.6%)       0.0 ( -nan%)
              zixl_L125A5-5P62-4Pee [R]~_zixl                         1440       0.0 (  2.9%)       0.0 ( -nan%)
              <zixl_I152>~_zixl                                                  0.0 (  2.3%)       0.0 ( -nan%)
            zixl_ePq6T-w352i6O~_zixl                                    15       0.0 ( 30.2%)       0.0 ( -nan%)
              <zixl_I152>~_zixl                                                  0.0 ( 99.4%)       0.0 ( -nan%)
            <zixl_I152>~_zixl                                                    0.0 ( 18.3%)       0.0 ( -nan%)
          zixl_L125A5-iLi2-55Z~_zixl                                     1       0.0 (  3.1%)       0.0 (  0.0%)
            zixl_55Zr-4I14AI1-5Le~_zixl                                  1       0.0 ( 96.6%)       0.0 ( -nan%)
              zixl_5Le-eiL8-S15iqL [R]~_zixl                             1       0.0 (  2.9%)       0.0 ( -nan%)
              <zixl_I152>~_zixl                                                  0.0 ( 96.5%)       0.0 ( -nan%)
            zixl_55Zr-I1512-510~_zixl                                    1       0.0 (  3.2%)       0.0 ( -nan%)
              zixl_55Z-I1512-510~_zixl                                   1       0.0 ( 99.4%)       0.0 ( -nan%)
          zixl_5Ir7-r2Ie-4I14AI1~_zixl                                   1       0.0 (  2.5%)       0.0 (  0.0%)
            zixl_5iZ3eA21-iLi2-510~_zixl                                 1       0.0 ( 96.1%)       0.0 ( -nan%)
            zixl_5Le-e1t1e-rPZ4321-Aee [R]~_zixl                         1       0.0 (  1.8%)       0.0 ( -nan%)
            <zixl_I152>~_zixl                                                    0.0 (  1.9%)       0.0 ( -nan%)
          <zixl_I152>~_zixl                                                      0.1 ( 17.1%)       0.0 (  0.0%)
        <zixl_I152>~_zixl                                                        3.0 ( 78.9%)       0.0 (  0.0%)

    zixl_UeL-5LeTUeL~_zixl                                              16       0.0 (  2.8%)       0.0 ( -nan%)
    zixl_yeLdLe-yy-yy~_zixl                                           2385       0.1 ( 97.1%)       0.0 ( -nan%)
  zixl_yy-yy~_zixl                                                    2414       0.1                0.0         
    zixl_yy-yiLAIO-S16~_zixl                                           587       0.0 ( 46.1%)       0.0 ( -nan%)
      zixl_yy-q12-PIS1I~_zixl                                          587       0.0 (  1.6%)       0.0 ( -nan%)
      zixl_yy-I1PIS1I [E]~_zixl                                        587       0.0 (  1.2%)       0.0 ( -nan%)
      <zixl_I152>~_zixl                                                          0.0 ( 96.9%)       0.0 ( -nan%)
    zixl_yy-21ILAIO-S16~_zixl                                          811       0.0 ( 16.6%)       0.0 ( -nan%)
      zixl_yy-I1PIS1I [T]~_zixl                                        811       0.0 (  9.5%)       0.0 ( -nan%)
      <zixl_I152>~_zixl                                                          0.0 ( 90.5%)       0.0 ( -nan%)
    zixl_yy-LAIO-S16~_zixl                                              32       0.0 (  3.6%)       0.0 ( -nan%)
      zixl_yy-I1PIS1I [Y]~_zixl                                         32       0.0 (  1.7%)       0.0 ( -nan%)
      <zixl_I152>~_zixl                                                          0.0 ( 98.3%)       0.0 ( -nan%)
    zixl_yy-rPLrA2~_zixl                                                46       0.0 (  1.6%)       0.0 ( -nan%)
    <zixl_I152>~_zixl                                                            0.0 ( 31.2%)       0.0 ( -nan%)


================================================================================
== Profile: PEAK-MEMORY, CPU-freq = 2.60 GHz
                                                          Calls   Peak-Mb         
                                                                                  

    <zixl_543IiP35>~_zixl                                                1     172.0 (100.0%)
  zixl_5A5-ZAiL~_zixl                                                    1     172.0         
    zixl_L125A5-I3L~_zixl                                                1     172.0 (100.0%)
      zixl_L125A5-1t1L2-ePP4~_zixl                                       1     172.0 (100.0%)
        zixl_L125A5-UPI8~_zixl                                          53     172.0 (100.0%)
          zixl_L125A5-iLi2-6ISy~_zixl                                    1      88.0 ( 51.2%)
            zixl_6ISy-rI1A21-6IPZ-6PIZAe-Sy~_zixl                        1      88.0 (100.0%)
              zixl_6ISy-I152PI1-51r2iPL~_zixl                            1      88.0 (100.0%)
                zixl_6ISy-I152PI1-rPZ4-Sy~_zixl                          1      88.0 (100.0%)
                  zixl_I152PI1-5Le~_zixl                                 1      88.0 (100.0%)
                    zixl_zi_5Le_rPL2192_I152PI1~_zixl                    1      88.0 (100.0%)
                      zixl_dLeB152PI1Q1e2~_zixl                          1       4.0 (  4.5%)
                      <zixl_I152>~_zixl                                         84.0 ( 95.5%)
          zixl_L125A5-rI1A21-yeL~_zixl                                   1      84.0 ( 48.8%)
            zixl_5ry-58i4_yLe~_zixl                                      1      60.0 ( 71.4%)
              zixl_yeLdLe-P32~_zixl                                     49      56.0 ( 93.3%)
                zixl_yeLdLe-yy~_zixl                                   240      56.0 (100.0%)
                  zixl_yeLdLe-yy-yy~_zixl                             2385      52.0 ( 92.9%)
                    zixl_yy-yy [T]~_zixl                              2385      52.0 (100.0%)
                  <zixl_I152>~_zixl                                              4.0 (  7.1%)
              <zixl_I152>~_zixl                                                  4.0 (  6.7%)
            zixl_5ry-6i942~_zixl                                         1      24.0 ( 28.6%)
              zixl_UeLfA2AB1S3r1~_zixl                                   1      20.0 ( 83.3%)
                zixl_UeL-w352i6O~_zixl                                   1      20.0 (100.0%)
                  zixl_UeL-5LeTUeL~_zixl                                 1      20.0 (100.0%)
                    <zixl_I152>~_zixl                                           20.0 (100.0%)
              zixl_6i942-iLi2~_zixl                                      1       4.0 ( 16.7%)
                <zixl_I152>~_zixl                                                4.0 (100.0%)

    zixl_yeLdLe-yy-yy~_zixl                                           2385      52.0 (100.0%)
  zixl_yy-yy~_zixl                                                    2414      52.0         
    zixl_yy-yiLAIO-S16~_zixl                                           587      52.0 (100.0%)
      <zixl_I152>~_zixl                                                         52.0 (100.0%)

