================================================================================
== Profile: REAL-TIME, VTIME, CPU-freq = 2.60 GHz
                                                          Calls Real-Time  Parent  Virt-Time  Parent 
                                                                   (secs) fraction    (secs) fraction

    <zixl_543IiP35>~_zixl                                                1       1.7 (100.0%)       1.2 (100.0%)
  zixl_5A5-ZAiL~_zixl                                                    1       1.7                1.2         
    zixl_5eAt1-I3L~_zixl                                                 1       1.7 ( 98.3%)       1.2 (100.0%)
      zixl_5eAt1-I1rt~_zixl                                             10       1.7 ( 99.9%)       1.2 (100.0%)
        zixl_5eAt1-191r321-2A58~_zixl                                    8       1.4 ( 79.8%)       1.2 ( 99.5%)
          zixl_IAI-iZ4e-5Pet1~_zixl                                      8       1.4 ( 99.5%)       1.2 (100.0%)
            zixl_IAI-5Pet1~_zixl                                         8       1.2 ( 91.5%)       1.2 ( 95.5%)
              zixl_IAI-5Pet1-5Pet1~_zixl                                15       1.2 ( 99.3%)       1.2 ( 99.8%)
                zixl_irY-5Pet1~_zixl                                    15       1.2 (100.0%)       1.2 (100.0%)
                  zixl_irY-yA51bA515~_zixl                              15       0.6 ( 49.2%)       0.3 ( 27.6%)
                    zixl_IAI-6iI1dA61~_zixl                              7       0.4 ( 59.0%)       0.0 (  2.8%)
                      zixl_IAI-ASSgI11s553Z15 [E]~_zixl                  7       0.3 ( 95.9%)       0.0 (  0.0%)
                      zixl_IAI-I16iL1~_zixl                              7       0.0 (  4.0%)       0.0 (100.0%)
                        zixl_IAI-5iZhPAe5~_zixl                          7       0.0 ( 99.3%)       0.0 (100.0%)
                    zixl_L1U-tAI [T]~_zixl                          206311       0.0 (  5.6%)       0.0 ( 10.6%)
                    zixl_5Pet1 [R]~_zixl                                23       0.0 (  5.0%)       0.0 ( 12.6%)
                    <zixl_I152>~_zixl                                            0.2 ( 29.4%)       0.2 ( 74.1%)
                  zixl_irY-52I1Lq271L~_zixl                              3       0.4 ( 32.9%)       0.6 ( 47.5%)
                    zixl_irY-q1L1IAeiz1~_zixl                            7       0.2 ( 46.3%)       0.3 ( 48.6%)
                      zixl_irY-rPL51r32iPL [R]~_zixl                     4       0.2 ( 94.9%)       0.3 ( 94.2%)
                      zixl_irY-Zir~_zixl                                 7       0.0 (  4.4%)       0.0 (  5.3%)
                        zixl_irY-r2qfPUL~_zixl                           9       0.0 ( 99.1%)       0.0 ( 99.7%)
                          zixl_irY-rPL51r32iPL [T]~_zixl                 2       0.0 ( 84.1%)       0.0 ( 88.4%)
                          zixl_irY-iLi2iA2iPL [T]~_zixl                 11       0.0 ( 15.8%)       0.0 ( 11.6%)
                    zixl_5r5-5Pet1 [E]~_zixl                             6       0.2 ( 46.0%)       0.2 ( 44.8%)
                    zixl_irY-iLi2iA2iPL [E]~_zixl                        7       0.0 (  4.9%)       0.0 (  4.1%)
                    zixl_irY-rPL51r32iPL [E]~_zixl                       7       0.0 (  1.8%)       0.0 (  1.2%)
                    zixl_irY-52A21p6[gIPL2i1I]~_zixl                     4       0.0 (  1.0%)       0.0 (  1.4%)
                      zixl_L1U-tAI [K]~_zixl                         10712       0.0 ( 43.6%)       0.0 ( 23.2%)
                      zixl_5Pet1 [Y]~_zixl                               4       0.0 ( 10.9%)       0.0 (  3.8%)
                      <zixl_I152>~_zixl                                          0.0 ( 45.5%)       0.0 ( 73.0%)
                  zixl_irY-5Pet1[rPL6iq3I1]~_zixl                        4       0.2 ( 15.8%)       0.3 ( 22.4%)
                    zixl_irY-I1512dPet1I5 [E]~_zixl                      4       0.1 ( 60.8%)       0.2 ( 65.7%)
                    zixl_irY-rPL6iq3I1gIPL2i1I~_zixl                     4       0.1 ( 38.0%)       0.1 ( 33.7%)
                      zixl_L1U-tAI [D]~_zixl                         59507       0.0 ( 14.1%)       0.0 ( 11.1%)
                      zixl_I1ZPt1-5A2i56i1S [T]~_zixl                   20       0.0 (  3.5%)       0.0 (  4.2%)
                      zixl_55-ASSdP3Ir1 [Y]~_zixl                    16013       0.0 (  2.3%)       0.0 (  0.0%)
                      <zixl_I152>~_zixl                                          0.1 ( 78.8%)       0.1 ( 84.7%)
                      <zixl_58i441S>~_zixl                                       0.0 (  1.3%)       0.0 (  0.0%)
                    zixl_irY-rPL6iq3I1xi62gIPL2i1I~_zixl                 4       0.0 (  1.1%)       0.0 (  0.6%)
                      zixl_55-ASSdP3Ir1 [T]~_zixl                      240       0.0 ( 26.9%)       0.0 (  0.0%)
                      zixl_L1U-tAI [Y]~_zixl                          1289       0.0 ( 10.0%)       0.0 ( 13.8%)
                      zixl_I1ZPt1-5A2i56i1S [R]~_zixl                   20       0.0 (  2.0%)       0.0 (  3.7%)
                      <zixl_I152>~_zixl                                          0.0 ( 60.3%)       0.0 ( 82.5%)
                  zixl_irY-I1512dPet1I5 [R]~_zixl                        1       0.0 (  1.9%)       0.0 (  2.4%)
            zixl_IAI-iLtAIiAL25~_zixl                                    8       0.0 (  3.3%)       0.1 (  4.4%)
              zixl_irY-iLtAIiAL25~_zixl                                  8       0.0 ( 99.9%)       0.1 (100.0%)
                zixl_irY-rPL6iq3I1bPL5 [R]~_zixl                         2       0.0 ( 46.2%)       0.0 ( 52.4%)
                zixl_irY-4IP4AqA21 [E]~_zixl                             4       0.0 ( 37.2%)       0.0 ( 47.6%)
                zixl_5r5-I1512 [T]~_zixl                                 2       0.0 ( 13.1%)       0.0 (  0.0%)
                zixl_55-I1512 [G]~_zixl                                  2       0.0 (  3.5%)       0.0 (  0.0%)
            <zixl_I152>~_zixl                                                    0.1 (  5.1%)       0.0 (  0.0%)
        zixl_5eAt1-I1rt-UAi2~_zixl                                      19       0.3 ( 18.6%)       0.0 (  0.0%)
        <zixl_I152>~_zixl                                                        0.0 (  1.4%)       0.0 (  0.5%)
    <zixl_I152>~_zixl                                                            0.0 (  1.7%)       0.0 (  0.0%)

    zixl_irY-yA51bA515~_zixl                                            23       0.0 (  7.1%)       0.0 (  6.9%)
    zixl_5r5-5Pet1~_zixl                                                22       0.4 ( 91.2%)       0.5 ( 91.7%)
    zixl_irY-iLi2iA2iPL~_zixl                                           61       0.0 (  1.1%)       0.0 (  1.0%)
  zixl_5Pet1~_zixl                                                     125       0.4                0.6         
    zixl_3LSP [R]~_zixl                                               2759       0.1 ( 14.6%)       0.1 ( 12.7%)
    zixl_I1ZPt1-5A2i56i1S [E]~_zixl                                    155       0.0 (  1.7%)       0.0 (  1.8%)
    <zixl_I152>~_zixl                                                            0.3 ( 81.8%)       0.5 ( 85.1%)
    <zixl_58i441S>~_zixl                                                         0.0 (  1.9%)       0.0 (  0.3%)

    zixl_irY-52I1Lq271L~_zixl                                            6       0.2 ( 47.9%)       0.2 ( 46.3%)
    zixl_irY-rPL5~_zixl                                                 10       0.2 ( 47.4%)       0.3 ( 48.6%)
    zixl_irY-U1A8bPL51r32iPL~_zixl                                       4       0.0 (  4.7%)       0.0 (  5.2%)
  zixl_5r5-5Pet1~_zixl                                                  22       0.4                0.5         
    zixl_5Pet1 [T]~_zixl                                                22       0.4 ( 99.5%)       0.5 ( 99.6%)

    zixl_IAI-6iI1dA61~_zixl                                              7       0.3 (100.0%)       0.0 (100.0%)
  zixl_IAI-ASSgI11s553Z15~_zixl                                          8       0.3                0.0         
    zixl_4r-rPi~_zixl                                                    7       0.3 ( 99.8%)       0.0 (  0.0%)
      zixl_rPi-y3ieS~_zixl                                               1       0.3 ( 98.0%)       0.0 ( -nan%)
        zixl_rPi-510~_zixl                                               3       0.2 ( 49.4%)       0.0 ( -nan%)
          zixl_rPi-rPZ4I155~_zixl                                        3       0.2 ( 98.2%)       0.0 ( -nan%)
            zixl_rPi-54-ZA81bALPLirAe~_zixl                          58798       0.2 ( 92.3%)       0.0 ( -nan%)
            zixl_rPi-54-3LiPLfi66 [E]~_zixl                            131       0.0 (  3.2%)       0.0 ( -nan%)
            <zixl_I152>~_zixl                                                    0.0 (  4.4%)       0.0 ( -nan%)
        zixl_rPi-rPZy~_zixl                                          36820       0.2 ( 49.4%)       0.0 ( -nan%)
          zixl_rPi-54-3LiPLp6 [E]~_zixl                              59518       0.2 ( 92.1%)       0.0 ( -nan%)
          zixl_rPi-54-3LiPLp6~_zixl                                  59518       0.0 (  2.3%)       0.0 ( -nan%)
          <zixl_I152>~_zixl                                                      0.0 (  5.6%)       0.0 ( -nan%)
        <zixl_I152>~_zixl                                                        0.0 (  1.2%)       0.0 ( -nan%)
      <zixl_I152>~_zixl                                                          0.0 (  2.0%)       0.0 ( -nan%)
    <zixl_I152>~_zixl                                                            0.0 (  0.0%)       0.0 (100.0%)

    zixl_irY-52I1Lq271L~_zixl                                            7       0.0 (  3.8%)       0.0 (  2.4%)
    zixl_irY-q1L1IAeiz1~_zixl                                            4       0.2 ( 92.6%)       0.3 ( 93.0%)
    zixl_irY-r2qfPUL~_zixl                                               2       0.0 (  3.6%)       0.0 (  4.6%)
  zixl_irY-rPL51r32iPL~_zixl                                            13       0.2                0.3         
    zixl_irY-rPL5~_zixl                                                 10       0.2 ( 98.6%)       0.3 ( 99.2%)
      zixl_5r5-5Pet1 [R]~_zixl                                          10       0.2 ( 97.3%)       0.3 ( 96.3%)
      zixl_irY-52A21p6~_zixl                                             2       0.0 (  1.9%)       0.0 (  2.8%)
        zixl_L1U-tAI [RG]~_zixl                                      11028       0.0 ( 53.6%)       0.0 ( 24.0%)
        zixl_5Pet1 [H]~_zixl                                             2       0.0 (  2.3%)       0.0 (  0.1%)
        <zixl_I152>~_zixl                                                        0.0 ( 43.7%)       0.0 ( 75.8%)
    zixl_irY-rPL5E~_zixl                                                 3       0.0 (  1.4%)       0.0 (  0.8%)
      zixl_5Pet1 [F]~_zixl                                               3       0.0 ( 63.3%)       0.0 ( 60.8%)
      zixl_L1U-tAI [RR]~_zixl                                          710       0.0 (  3.9%)       0.0 (  5.1%)
      <zixl_I152>~_zixl                                                          0.0 ( 31.5%)       0.0 ( 34.1%)
      <zixl_58i441S>~_zixl                                                       0.0 (  1.4%)       0.0 (  0.0%)

    zixl_rPi-rPZy~_zixl                                              59518       0.2 (100.0%)       0.0 ( -nan%)
  zixl_rPi-54-3LiPLp6~_zixl                                          60040       0.2                0.0         

    zixl_irY-5Pet1[rPL6iq3I1]~_zixl                                      4       0.1 ( 83.3%)       0.2 ( 85.9%)
    zixl_irY-5Pet1~_zixl                                                 1       0.0 ( 16.7%)       0.0 ( 14.1%)
  zixl_irY-I1512dPet1I5~_zixl                                            5       0.1                0.2         
    zixl_irY-rPL6iq3I1EbPL5~_zixl                                        4       0.1 ( 51.1%)       0.1 ( 57.7%)
      zixl_L1U-tAI [G]~_zixl                                         75816       0.0 ( 16.4%)       0.0 ( 10.8%)
      zixl_55-ASSdP3Ir1 [D]~_zixl                                    42360       0.0 (  2.8%)       0.0 (  0.0%)
      <zixl_I152>~_zixl                                                          0.1 ( 80.8%)       0.1 ( 89.2%)
    zixl_irY-rPL6iq3I1bPL5 [E]~_zixl                                     5       0.1 ( 46.8%)       0.1 ( 42.3%)
    zixl_5r5-I1512 [R]~_zixl                                             5       0.0 (  2.0%)       0.0 (  0.0%)

    zixl_irY-I1512dPet1I5~_zixl                                          5       0.1 ( 76.5%)       0.1 ( 75.0%)
    zixl_irY-iLtAIiAL25~_zixl                                            2       0.0 ( 23.5%)       0.0 ( 25.0%)
  zixl_irY-rPL6iq3I1bPL5~_zixl                                           7       0.1                0.1         
    zixl_L1U-tAI [J]~_zixl                                           75840       0.0 ( 11.2%)       0.0 ( 11.0%)
    zixl_I1ZPt1-5A2i56i1S [Y]~_zixl                                     35       0.0 (  3.6%)       0.0 (  4.2%)
    zixl_55-ASSdP3Ir1 [F]~_zixl                                      20704       0.0 (  1.4%)       0.0 (  0.0%)
    <zixl_I152>~_zixl                                                            0.1 ( 82.4%)       0.1 ( 84.7%)
    <zixl_58i441S>~_zixl                                                         0.0 (  1.4%)       0.0 (  0.0%)

    zixl_irY-yA51bA515~_zixl                                        206311       0.0 ( 46.1%)       0.0 ( 45.0%)
    zixl_irY-rPL6iq3I1gIPL2i1I~_zixl                                 59507       0.0 ( 14.1%)       0.0 ( 12.9%)
    zixl_irY-rPL6iq3I1EbPL5~_zixl                                    75816       0.0 ( 16.2%)       0.0 ( 16.5%)
    zixl_irY-rPL6iq3I1bPL5~_zixl                                     75840       0.0 ( 13.2%)       0.0 ( 16.5%)
    zixl_irY-52A21p6[gIPL2i1I]~_zixl                                 10712       0.0 (  2.4%)       0.0 (  2.3%)
    zixl_irY-iLi2iA2iPL~_zixl                                        13351       0.0 (  3.3%)       0.0 (  2.9%)
    zixl_irY-52A21p6~_zixl                                           11028       0.0 (  2.6%)       0.0 (  2.4%)
    <zixl_58i441S>~_zixl                                                         0.0 (  1.9%)       0.0 (  1.5%)
  zixl_L1U-tAI~_zixl                                                456994       0.1                0.1         
    <zixl_I152>~_zixl                                                            0.1 ( 99.1%)       0.1 ( 99.3%)

    zixl_L1U-tAI~_zixl                                                  11       0.0 (  1.0%)       0.0 (  0.7%)
    zixl_5Pet1~_zixl                                                  2759       0.1 ( 94.8%)       0.1 ( 94.6%)
    zixl_irY-rPL5~_zixl                                                  9       0.0 (  2.3%)       0.0 (  3.0%)
    zixl_irY-ASSb3y1~_zixl                                               3       0.0 (  1.0%)       0.0 (  1.2%)
  zixl_3LSP~_zixl                                                     2821       0.1                0.1         

    zixl_irY-52I1Lq271L~_zixl                                            7       0.0 ( 93.7%)       0.0 ( 93.2%)
    zixl_irY-r2qfPUL~_zixl                                              11       0.0 (  6.1%)       0.0 (  6.8%)
  zixl_irY-iLi2iA2iPL~_zixl                                             25       0.0                0.0         
    zixl_5Pet1 [D]~_zixl                                                61       0.0 ( 21.7%)       0.0 ( 24.5%)
    zixl_I1ePr-34SA21 [R]~_zixl                                          2       0.0 ( 12.8%)       0.0 (  0.0%)
    zixl_L1U-tAI [RE]~_zixl                                          13351       0.0 ( 11.7%)       0.0 (  9.1%)
    zixl_I1ePr-rP4O [R]~_zixl                                            2       0.0 (  3.3%)       0.0 (  0.0%)
    zixl_3LSP [T]~_zixl                                                 34       0.0 (  2.8%)       0.0 (  1.7%)
    zixl_55-ASSdP3Ir1 [G]~_zixl                                      10341       0.0 (  1.9%)       0.0 (  0.0%)
    zixl_I1ZPt1-5A2i56i1S [F]~_zixl                                     10       0.0 (  1.3%)       0.0 (  1.2%)
    <zixl_I152>~_zixl                                                            0.0 ( 43.9%)       0.0 ( 63.6%)

    zixl_irY-iLtAIiAL25~_zixl                                            4       0.0 ( 90.7%)       0.0 ( 92.4%)
    zixl_irY-5Pet1~_zixl                                                 1       0.0 (  9.3%)       0.0 (  7.6%)
  zixl_irY-4IP4AqA21~_zixl                                               5       0.0                0.0         
    zixl_irY-U1A8bPL51r32iPL~_zixl                                       4       0.0 ( 99.8%)       0.0 (100.0%)
      zixl_5r5-5Pet1 [Y]~_zixl                                           4       0.0 (100.0%)       0.0 (100.0%)

    zixl_5Pet1~_zixl                                                   155       0.0 ( 53.7%)       0.0 ( 54.7%)
    zixl_irY-rPL6iq3I1gIPL2i1I~_zixl                                    20       0.0 ( 19.8%)       0.0 ( 19.0%)
    zixl_irY-rPL6iq3I1bPL5~_zixl                                        35       0.0 ( 24.1%)       0.0 ( 24.5%)
    zixl_irY-iLi2iA2iPL~_zixl                                           10       0.0 (  2.1%)       0.0 (  1.5%)
  zixl_I1ZPt1-5A2i56i1S~_zixl                                          260       0.0                0.0         

  <zixl_58i441S>~_zixl                                                           0.1 (  3.1%)       0.0 (  0.1%)

================================================================================
== Profile: PEAK-MEMORY, CPU-freq = 2.60 GHz
                                                          Calls   Peak-Mb         
                                                                                  

    <zixl_543IiP35>~_zixl                                                1      88.0 (100.0%)
  zixl_5A5-ZAiL~_zixl                                                    1      88.0         
    zixl_5eAt1-I3L~_zixl                                                 1      88.0 (100.0%)
      zixl_5eAt1-I1rt~_zixl                                             10      88.0 (100.0%)
        zixl_5eAt1-191r321-2A58~_zixl                                    8      84.0 ( 95.5%)
          zixl_IAI-iZ4e-5Pet1~_zixl                                      8      84.0 (100.0%)
            zixl_IAI-5Pet1~_zixl                                         8      80.0 ( 95.2%)
              zixl_IAI-5Pet1-5Pet1~_zixl                                15      72.0 ( 90.0%)
                zixl_irY-5Pet1~_zixl                                    15      72.0 (100.0%)
                  zixl_irY-yA51bA515~_zixl                              15      48.0 ( 66.7%)
                    zixl_IAI-6iI1dA61~_zixl                              7      40.0 ( 83.3%)
                      zixl_IAI-ASSgI11s553Z15 [E]~_zixl                  7      40.0 (100.0%)
                    zixl_L1U-tAI [T]~_zixl                          206311       8.0 ( 16.7%)
                  zixl_irY-5Pet1[rPL6iq3I1]~_zixl                        4      16.0 ( 22.2%)
                    zixl_irY-I1512dPet1I5 [E]~_zixl                      4      12.0 ( 75.0%)
                    zixl_irY-rPL6iq3I1xi62gIPL2i1I~_zixl                 4       4.0 ( 25.0%)
                      zixl_55-ASSdP3Ir1 [T]~_zixl                      240       4.0 (100.0%)
                  zixl_irY-52I1Lq271L~_zixl                              3       8.0 ( 11.1%)
                    zixl_irY-52A21p6[gIPL2i1I]~_zixl                     4       4.0 ( 50.0%)
                      zixl_L1U-tAI [K]~_zixl                         10712       4.0 (100.0%)
                    zixl_irY-q1L1IAeiz1~_zixl                            7       4.0 ( 50.0%)
                      zixl_irY-Zir~_zixl                                 7       4.0 (100.0%)
                        zixl_irY-r2qfPUL~_zixl                           9       4.0 (100.0%)
                          zixl_irY-rPL51r32iPL [T]~_zixl                 2       4.0 (100.0%)
              zixl_IAI-51234~_zixl                                      15       8.0 ( 10.0%)
                zixl_55-I1512 [R]~_zixl                                120       8.0 (100.0%)
            zixl_4r-4IPt1~_zixl                                          8       4.0 (  4.8%)
              zixl_55-I1512 [E]~_zixl                                    1       4.0 (100.0%)
        <zixl_I152>~_zixl                                                        4.0 (  4.5%)

    zixl_IAI-6iI1dA61~_zixl                                              7      40.0 (100.0%)
  zixl_IAI-ASSgI11s553Z15~_zixl                                          8      40.0         
    zixl_4r-rPi~_zixl                                                    7      40.0 (100.0%)
      zixl_rPi-y3ieS~_zixl                                               1      40.0 (100.0%)
        zixl_rPi-rPZy~_zixl                                          36820      36.0 ( 90.0%)
          zixl_rPi-54-3LiPLp6 [E]~_zixl                              59518      32.0 ( 88.9%)
          <zixl_I152>~_zixl                                                      4.0 ( 11.1%)
        zixl_rPi-510~_zixl                                               3       4.0 ( 10.0%)
          zixl_rPi-rPZ4I155~_zixl                                        3       4.0 (100.0%)
            zixl_rPi-54-ZA81bALPLirAe~_zixl                          58798       4.0 (100.0%)

    zixl_rPi-rPZy~_zixl                                              59518      32.0 (100.0%)
  zixl_rPi-54-3LiPLp6~_zixl                                          60040      32.0         

    zixl_irY-yA51bA515~_zixl                                        206311       8.0 ( 33.3%)
    zixl_irY-rPL6iq3I1EbPL5~_zixl                                    75816       8.0 ( 33.3%)
    zixl_irY-52A21p6[gIPL2i1I]~_zixl                                 10712       4.0 ( 16.7%)
    zixl_irY-52A21p6~_zixl                                           11028       4.0 ( 16.7%)
  zixl_L1U-tAI~_zixl                                                456994      24.0         
    <zixl_I152>~_zixl                                                           24.0 (100.0%)

    zixl_4r-4IPt1~_zixl                                                  1       4.0 ( 33.3%)
    zixl_IAI-51234~_zixl                                               120       8.0 ( 66.7%)
  zixl_55-I1512~_zixl                                                  162      12.0         
    zixl_L1U-r73L8 [E]~_zixl                                           162      12.0 (100.0%)

    zixl_irY-5Pet1[rPL6iq3I1]~_zixl                                      4      12.0 (100.0%)
  zixl_irY-I1512dPet1I5~_zixl                                            5      12.0         
    zixl_irY-rPL6iq3I1EbPL5~_zixl                                        4       8.0 ( 66.7%)
      zixl_L1U-tAI [G]~_zixl                                         75816       8.0 (100.0%)
    zixl_irY-rPL6iq3I1bPL5 [E]~_zixl                                     5       4.0 ( 33.3%)

    zixl_55-I1512~_zixl                                                162      12.0 (100.0%)
  zixl_L1U-r73L8~_zixl                                                 185      12.0         

    zixl_irY-rPL6iq3I1xi62gIPL2i1I~_zixl                               240       4.0 (100.0%)
  zixl_55-ASSdP3Ir1~_zixl                                           168881       4.0         

    zixl_irY-I1512dPet1I5~_zixl                                          5       4.0 (100.0%)
  zixl_irY-rPL6iq3I1bPL5~_zixl                                           7       4.0         
    <zixl_I152>~_zixl                                                            4.0 (100.0%)

    zixl_irY-r2qfPUL~_zixl                                               2       4.0 (100.0%)
  zixl_irY-rPL51r32iPL~_zixl                                            13       4.0         
    zixl_irY-rPL5~_zixl                                                 10       4.0 (100.0%)
      zixl_irY-52A21p6~_zixl                                             2       4.0 (100.0%)
        zixl_L1U-tAI [RG]~_zixl                                      11028       4.0 (100.0%)

