================================================================================
== Profile: REAL-TIME, VTIME, CPU-freq = 2.60 GHz
                                                          Calls Real-Time  Parent  Virt-Time  Parent 
                                                                   (secs) fraction    (secs) fraction

    <zixl_543IiP35>~_zixl                                                1       1.5 (100.0%)       1.1 (100.0%)
  zixl_5A5-ZAiL~_zixl                                                    1       1.5                1.1         
    zixl_5eAt1-I3L~_zixl                                                 1       1.5 ( 99.7%)       1.1 (100.0%)
      zixl_5eAt1-I1rt~_zixl                                              7       1.5 ( 99.9%)       1.1 (100.0%)
        zixl_5eAt1-191r321-2A58~_zixl                                    5       1.3 ( 83.1%)       1.1 ( 99.5%)
          zixl_IAI-iZ4e-5Pet1~_zixl                                      5       1.3 ( 99.8%)       1.1 (100.0%)
            zixl_IAI-5Pet1~_zixl                                         5       1.1 ( 90.4%)       1.1 ( 95.4%)
              zixl_IAI-5Pet1-5Pet1~_zixl                                10       1.1 ( 99.7%)       1.1 (100.0%)
                zixl_irY-5Pet1~_zixl                                    10       1.1 (100.0%)       1.1 (100.0%)
                  zixl_irY-yA51bA515~_zixl                              10       0.6 ( 51.5%)       0.3 ( 30.3%)
                    zixl_IAI-6iI1dA61~_zixl                              5       0.3 ( 57.3%)       0.0 (  2.0%)
                      zixl_IAI-ASSgI11s553Z15~_zixl                      5       0.3 ( 97.3%)       0.0 (  0.0%)
                        zixl_4r-rPi~_zixl                                5       0.3 ( 99.8%)       0.0 (  0.0%)
                          zixl_rPi-y3ieS~_zixl                           1       0.3 ( 98.3%)       0.0 ( -nan%)
                            zixl_rPi-rPZy~_zixl                      36820       0.2 ( 52.8%)       0.0 ( -nan%)
                              zixl_rPi-54-3LiPLp6 [E]~_zixl          59518       0.2 ( 92.2%)       0.0 ( -nan%)
                              zixl_rPi-54-3LiPLp6~_zixl              59518       0.0 (  2.2%)       0.0 ( -nan%)
                              <zixl_I152>~_zixl                                  0.0 (  5.6%)       0.0 ( -nan%)
                            zixl_rPi-510~_zixl                           3       0.1 ( 46.1%)       0.0 ( -nan%)
                              zixl_rPi-rPZ4I155~_zixl                    3       0.1 ( 97.9%)       0.0 ( -nan%)
                                zixl_rPi-54-ZA81bALPLirAe~_zixl      58798       0.1 ( 92.2%)       0.0 ( -nan%)
                                zixl_rPi-54-3LiPLfi66 [E]~_zixl        131       0.0 (  3.2%)       0.0 ( -nan%)
                                <zixl_I152>~_zixl                                0.0 (  4.4%)       0.0 ( -nan%)
                              <zixl_I152>~_zixl                                  0.0 (  1.1%)       0.0 ( -nan%)
                            <zixl_I152>~_zixl                                    0.0 (  1.1%)       0.0 ( -nan%)
                          <zixl_I152>~_zixl                                      0.0 (  1.7%)       0.0 ( -nan%)
                        <zixl_I152>~_zixl                                        0.0 (  0.0%)       0.0 (100.0%)
                      zixl_IAI-I16iL1~_zixl                              5       0.0 (  2.7%)       0.0 (100.0%)
                        zixl_IAI-5iZhPAe5~_zixl                          5       0.0 ( 99.1%)       0.0 (100.0%)
                    zixl_L1U-tAI [T]~_zixl                          190566       0.0 (  5.5%)       0.0 (  9.9%)
                    zixl_5Pet1 [R]~_zixl                                19       0.0 (  5.1%)       0.0 ( 12.8%)
                    zixl_55-ASSdP3Ir1 [R]~_zixl                      79100       0.0 (  1.1%)       0.0 (  0.0%)
                    <zixl_I152>~_zixl                                            0.2 ( 31.1%)       0.2 ( 75.3%)
                  zixl_irY-52I1Lq271L~_zixl                              4       0.3 ( 24.7%)       0.4 ( 36.9%)
                    zixl_5r5-5Pet1 [E]~_zixl                             6       0.2 ( 55.3%)       0.2 ( 55.3%)
                    zixl_irY-q1L1IAeiz1~_zixl                            5       0.1 ( 35.3%)       0.1 ( 36.3%)
                      zixl_irY-rPL51r32iPL [R]~_zixl                     3       0.1 ( 95.0%)       0.1 ( 93.9%)
                      zixl_irY-Zir~_zixl                                 5       0.0 (  4.0%)       0.0 (  5.2%)
                        zixl_irY-r2qfPUL~_zixl                           6       0.0 ( 98.9%)       0.0 ( 99.8%)
                          zixl_irY-rPL51r32iPL [T]~_zixl                 1       0.0 ( 78.3%)       0.0 ( 85.2%)
                          zixl_irY-iLi2iA2iPL [T]~_zixl                  7       0.0 ( 21.6%)       0.0 ( 14.8%)
                      zixl_irY-ASSb3y1 [E]~_zixl                         5       0.0 (  1.0%)       0.0 (  0.9%)
                    zixl_irY-iLi2iA2iPL [E]~_zixl                        6       0.0 (  7.0%)       0.0 (  5.9%)
                    zixl_irY-52A21p6[gIPL2i1I]~_zixl                     4       0.0 (  1.4%)       0.0 (  2.0%)
                      zixl_L1U-tAI [K]~_zixl                         10972       0.0 ( 45.5%)       0.0 ( 23.8%)
                      zixl_5Pet1 [Y]~_zixl                               4       0.0 (  6.4%)       0.0 (  1.2%)
                      <zixl_I152>~_zixl                                          0.0 ( 48.1%)       0.0 ( 75.0%)
                  zixl_irY-5Pet1[rPL6iq3I1]~_zixl                        4       0.2 ( 21.2%)       0.3 ( 29.9%)
                    zixl_irY-I1512dPet1I5 [E]~_zixl                      4       0.1 ( 59.9%)       0.2 ( 63.7%)
                    zixl_irY-rPL6iq3I1gIPL2i1I~_zixl                     4       0.1 ( 39.3%)       0.1 ( 35.9%)
                      zixl_L1U-tAI [D]~_zixl                         75932       0.0 ( 14.4%)       0.0 ( 11.0%)
                      zixl_I1ZPt1-5A2i56i1S [T]~_zixl                   20       0.0 (  3.6%)       0.0 (  4.2%)
                      zixl_55-ASSdP3Ir1 [Y]~_zixl                    20712       0.0 (  2.6%)       0.0 (  0.0%)
                      <zixl_I152>~_zixl                                          0.1 ( 78.2%)       0.1 ( 84.7%)
                      <zixl_58i441S>~_zixl                                       0.0 (  1.3%)       0.0 (  0.0%)
                  zixl_irY-I1512dPet1I5 [R]~_zixl                        1       0.0 (  2.2%)       0.0 (  2.7%)
            zixl_IAI-iLtAIiAL25~_zixl                                    5       0.0 (  3.7%)       0.1 (  4.6%)
              zixl_irY-iLtAIiAL25~_zixl                                  5       0.0 (100.0%)       0.1 (100.0%)
                zixl_irY-rPL6iq3I1bPL5 [R]~_zixl                         3       0.0 ( 45.8%)       0.0 ( 56.1%)
                zixl_irY-4IP4AqA21 [E]~_zixl                             4       0.0 ( 33.4%)       0.0 ( 43.9%)
                zixl_5r5-I1512 [T]~_zixl                                 3       0.0 ( 17.3%)       0.0 (  0.0%)
                zixl_55-I1512 [G]~_zixl                                  3       0.0 (  3.5%)       0.0 (  0.0%)
            <zixl_I152>~_zixl                                                    0.1 (  5.8%)       0.0 (  0.0%)
        zixl_5eAt1-I1rt-UAi2~_zixl                                      13       0.2 ( 15.3%)       0.0 (  0.0%)
        <zixl_I152>~_zixl                                                        0.0 (  1.5%)       0.0 (  0.5%)

    zixl_irY-yA51bA515~_zixl                                            19       0.0 (  9.9%)       0.0 (  9.7%)
    zixl_5r5-5Pet1~_zixl                                                17       0.3 ( 88.3%)       0.4 ( 88.8%)
    zixl_irY-iLi2iA2iPL~_zixl                                           53       0.0 (  1.4%)       0.0 (  1.3%)
  zixl_5Pet1~_zixl                                                     102       0.3                0.4         
    zixl_3LSP [R]~_zixl                                               1910       0.0 ( 13.5%)       0.1 ( 12.3%)
    zixl_I1ZPt1-5A2i56i1S [E]~_zixl                                    140       0.0 (  1.9%)       0.0 (  2.1%)
    <zixl_I152>~_zixl                                                            0.3 ( 82.5%)       0.4 ( 85.3%)
    <zixl_58i441S>~_zixl                                                         0.0 (  2.1%)       0.0 (  0.3%)

    zixl_irY-52I1Lq271L~_zixl                                            6       0.2 ( 57.8%)       0.2 ( 57.5%)
    zixl_irY-rPL5~_zixl                                                  7       0.1 ( 35.8%)       0.1 ( 36.1%)
    zixl_irY-U1A8bPL51r32iPL~_zixl                                       3       0.0 (  6.4%)       0.0 (  6.4%)
  zixl_5r5-5Pet1~_zixl                                                  17       0.3                0.4         
    zixl_5Pet1 [T]~_zixl                                                17       0.3 (100.0%)       0.4 (100.0%)

    zixl_irY-5Pet1[rPL6iq3I1]~_zixl                                      4       0.1 ( 85.3%)       0.2 ( 87.7%)
    zixl_irY-5Pet1~_zixl                                                 1       0.0 ( 14.7%)       0.0 ( 12.3%)
  zixl_irY-I1512dPet1I5~_zixl                                            5       0.2                0.2         
    zixl_irY-rPL6iq3I1bPL5 [E]~_zixl                                     5       0.1 ( 55.2%)       0.1 ( 49.4%)
    zixl_irY-rPL6iq3I1EbPL5~_zixl                                        4       0.1 ( 43.0%)       0.1 ( 50.6%)
      zixl_L1U-tAI [G]~_zixl                                         75816       0.0 ( 16.7%)       0.0 ( 10.8%)
      zixl_55-ASSdP3Ir1 [D]~_zixl                                    42360       0.0 (  2.9%)       0.0 (  0.0%)
      <zixl_I152>~_zixl                                                          0.1 ( 80.3%)       0.1 ( 89.2%)
    zixl_5r5-I1512 [R]~_zixl                                             5       0.0 (  1.8%)       0.0 (  0.0%)

    zixl_rPi-rPZy~_zixl                                              59518       0.2 (100.0%)       0.0 ( -nan%)
  zixl_rPi-54-3LiPLp6~_zixl                                          60040       0.2                0.0         

    zixl_irY-I1512dPet1I5~_zixl                                          5       0.1 ( 81.3%)       0.1 ( 80.0%)
    zixl_irY-iLtAIiAL25~_zixl                                            3       0.0 ( 18.7%)       0.0 ( 20.0%)
  zixl_irY-rPL6iq3I1bPL5~_zixl                                           8       0.1                0.1         
    zixl_L1U-tAI [J]~_zixl                                           94791       0.0 ( 12.4%)       0.0 ( 11.0%)
    zixl_I1ZPt1-5A2i56i1S [Y]~_zixl                                     40       0.0 (  3.4%)       0.0 (  4.2%)
    zixl_55-ASSdP3Ir1 [F]~_zixl                                      25880       0.0 (  2.0%)       0.0 (  0.0%)
    <zixl_I152>~_zixl                                                            0.1 ( 80.9%)       0.1 ( 84.7%)
    <zixl_58i441S>~_zixl                                                         0.0 (  1.3%)       0.0 (  0.0%)

    zixl_irY-52I1Lq271L~_zixl                                            5       0.0 (  2.7%)       0.0 (  1.4%)
    zixl_irY-q1L1IAeiz1~_zixl                                            3       0.1 ( 94.2%)       0.1 ( 94.1%)
    zixl_irY-r2qfPUL~_zixl                                               1       0.0 (  3.1%)       0.0 (  4.5%)
  zixl_irY-rPL51r32iPL~_zixl                                             9       0.1                0.1         
    zixl_irY-rPL5~_zixl                                                  7       0.1 ( 98.7%)       0.1 ( 99.5%)
      zixl_5r5-5Pet1 [R]~_zixl                                           7       0.1 ( 97.6%)       0.1 ( 96.3%)
      zixl_irY-52A21p6~_zixl                                             1       0.0 (  1.4%)       0.0 (  2.7%)
        zixl_L1U-tAI [RD]~_zixl                                       5514       0.0 ( 42.5%)       0.0 ( 24.0%)
        zixl_5Pet1 [H]~_zixl                                             1       0.0 (  2.6%)       0.0 (  0.1%)
        <zixl_I152>~_zixl                                                        0.0 ( 54.3%)       0.0 ( 75.8%)
      zixl_3LSP [Y]~_zixl                                                6       0.0 (  0.9%)       0.0 (  1.0%)
    zixl_irY-rPL5E~_zixl                                                 2       0.0 (  1.3%)       0.0 (  0.5%)
      zixl_5Pet1 [F]~_zixl                                               2       0.0 ( 67.0%)       0.0 ( 97.1%)
      <zixl_I152>~_zixl                                                          0.0 ( 32.0%)       0.0 (  2.6%)
      <zixl_58i441S>~_zixl                                                       0.0 (  1.0%)       0.0 (  0.3%)

    zixl_irY-yA51bA515~_zixl                                        190566       0.0 ( 41.3%)       0.0 ( 40.7%)
    zixl_irY-rPL6iq3I1gIPL2i1I~_zixl                                 75932       0.0 ( 17.5%)       0.0 ( 16.1%)
    zixl_irY-rPL6iq3I1EbPL5~_zixl                                    75816       0.0 ( 15.6%)       0.0 ( 16.1%)
    zixl_irY-rPL6iq3I1bPL5~_zixl                                     94791       0.0 ( 18.2%)       0.0 ( 20.1%)
    zixl_irY-52A21p6[gIPL2i1I]~_zixl                                 10972       0.0 (  2.4%)       0.0 (  2.3%)
    zixl_irY-iLi2iA2iPL~_zixl                                        13332       0.0 (  3.2%)       0.0 (  2.9%)
    zixl_irY-52A21p6~_zixl                                            5514       0.0 (  0.8%)       0.0 (  1.2%)
  zixl_L1U-tAI~_zixl                                                468684       0.1                0.1         
    <zixl_I152>~_zixl                                                            0.1 ( 99.5%)       0.1 ( 99.4%)

    zixl_5Pet1~_zixl                                                  1910       0.0 ( 93.4%)       0.1 ( 93.6%)
    zixl_irY-iLi2iA2iPL~_zixl                                           34       0.0 (  1.4%)       0.0 (  0.7%)
    zixl_irY-rPL5~_zixl                                                  6       0.0 (  2.1%)       0.0 (  2.6%)
    zixl_irY-ASSb3y1~_zixl                                               3       0.0 (  1.6%)       0.0 (  1.9%)
    <zixl_58i441S>~_zixl                                                         0.0 (  1.5%)       0.0 (  1.2%)
  zixl_3LSP~_zixl                                                     1967       0.0                0.1         

    zixl_irY-52I1Lq271L~_zixl                                            6       0.0 ( 95.8%)       0.0 ( 95.4%)
    zixl_irY-r2qfPUL~_zixl                                               7       0.0 (  4.1%)       0.0 (  4.6%)
  zixl_irY-iLi2iA2iPL~_zixl                                             17       0.0                0.0         
    zixl_5Pet1 [D]~_zixl                                                53       0.0 ( 20.1%)       0.0 ( 22.7%)
    zixl_I1ePr-34SA21 [R]~_zixl                                          2       0.0 ( 13.3%)       0.0 (  0.0%)
    zixl_L1U-tAI [RE]~_zixl                                          13332       0.0 ( 12.1%)       0.0 (  9.3%)
    zixl_I1ePr-rP4O [R]~_zixl                                            2       0.0 (  3.3%)       0.0 (  0.0%)
    zixl_3LSP [T]~_zixl                                                 34       0.0 (  3.0%)       0.0 (  1.7%)
    zixl_55-ASSdP3Ir1 [G]~_zixl                                      10322       0.0 (  2.0%)       0.0 (  0.0%)
    zixl_I1ZPt1-5A2i56i1S [F]~_zixl                                     10       0.0 (  1.4%)       0.0 (  1.2%)
    <zixl_I152>~_zixl                                                            0.0 ( 44.4%)       0.0 ( 65.1%)

    zixl_irY-iLtAIiAL25~_zixl                                            4       0.0 ( 90.9%)       0.0 ( 91.7%)
    zixl_irY-5Pet1~_zixl                                                 1       0.0 (  9.1%)       0.0 (  8.3%)
  zixl_irY-4IP4AqA21~_zixl                                               5       0.0                0.0         
    zixl_irY-U1A8bPL51r32iPL~_zixl                                       3       0.0 ( 99.8%)       0.0 (100.0%)
      zixl_5r5-5Pet1 [Y]~_zixl                                           3       0.0 (100.0%)       0.0 (100.0%)

    zixl_5Pet1~_zixl                                                   140       0.0 ( 43.3%)       0.0 ( 44.6%)
    zixl_irY-rPL6iq3I1gIPL2i1I~_zixl                                    20       0.0 ( 25.1%)       0.0 ( 23.9%)
    zixl_irY-rPL6iq3I1bPL5~_zixl                                        40       0.0 ( 29.3%)       0.0 ( 29.8%)
    zixl_irY-iLi2iA2iPL~_zixl                                           10       0.0 (  2.1%)       0.0 (  1.5%)
  zixl_I1ZPt1-5A2i56i1S~_zixl                                          250       0.0                0.0         

  <zixl_58i441S>~_zixl                                                           0.1 (  3.7%)       0.0 (  0.1%)

================================================================================
== Profile: PEAK-MEMORY, CPU-freq = 2.60 GHz
                                                          Calls   Peak-Mb         
                                                                                  

    <zixl_543IiP35>~_zixl                                                1      88.0 (100.0%)
  zixl_5A5-ZAiL~_zixl                                                    1      88.0         
    zixl_5eAt1-I3L~_zixl                                                 1      88.0 (100.0%)
      zixl_5eAt1-I1rt~_zixl                                              7      88.0 (100.0%)
        zixl_5eAt1-191r321-2A58~_zixl                                    5      84.0 ( 95.5%)
          zixl_IAI-iZ4e-5Pet1~_zixl                                      5      84.0 (100.0%)
            zixl_IAI-5Pet1~_zixl                                         5      80.0 ( 95.2%)
              zixl_IAI-5Pet1-5Pet1~_zixl                                10      72.0 ( 90.0%)
                zixl_irY-5Pet1~_zixl                                    10      72.0 (100.0%)
                  zixl_irY-yA51bA515~_zixl                              10      48.0 ( 66.7%)
                    zixl_IAI-6iI1dA61~_zixl                              5      40.0 ( 83.3%)
                      zixl_IAI-ASSgI11s553Z15~_zixl                      5      40.0 (100.0%)
                        zixl_4r-rPi~_zixl                                5      40.0 (100.0%)
                          zixl_rPi-y3ieS~_zixl                           1      40.0 (100.0%)
                            zixl_rPi-rPZy~_zixl                      36820      36.0 ( 90.0%)
                              zixl_rPi-54-3LiPLp6 [E]~_zixl          59518      36.0 (100.0%)
                            zixl_rPi-510~_zixl                           3       4.0 ( 10.0%)
                              zixl_rPi-rPZ4I155~_zixl                    3       4.0 (100.0%)
                                zixl_rPi-54-ZA81bALPLirAe~_zixl      58798       4.0 (100.0%)
                    zixl_L1U-tAI [T]~_zixl                          190566       4.0 (  8.3%)
                    <zixl_I152>~_zixl                                            4.0 (  8.3%)
                  zixl_irY-5Pet1[rPL6iq3I1]~_zixl                        4      16.0 ( 22.2%)
                    zixl_irY-I1512dPet1I5 [E]~_zixl                      4       8.0 ( 50.0%)
                    zixl_irY-rPL6iq3I1xi62gIPL2i1I~_zixl                 4       4.0 ( 25.0%)
                      zixl_55-ASSdP3Ir1 [T]~_zixl                      176       4.0 (100.0%)
                    zixl_irY-rPL6iq3I1gIPL2i1I~_zixl                     4       4.0 ( 25.0%)
                      zixl_L1U-tAI [D]~_zixl                         75932       4.0 (100.0%)
                  zixl_irY-52I1Lq271L~_zixl                              4       8.0 ( 11.1%)
                    zixl_irY-52A21p6[gIPL2i1I]~_zixl                     4       4.0 ( 50.0%)
                      zixl_L1U-tAI [K]~_zixl                         10972       4.0 (100.0%)
                    zixl_irY-rPL51r32iPL [E]~_zixl                       5       4.0 ( 50.0%)
              zixl_IAI-51234~_zixl                                      10       8.0 ( 10.0%)
                zixl_55-I1512 [R]~_zixl                                 80       8.0 (100.0%)
            zixl_4r-4IPt1~_zixl                                          5       4.0 (  4.8%)
              zixl_55-I1512 [E]~_zixl                                    1       4.0 (100.0%)
        <zixl_I152>~_zixl                                                        4.0 (  4.5%)

    zixl_rPi-rPZy~_zixl                                              59518      36.0 (100.0%)
  zixl_rPi-54-3LiPLp6~_zixl                                          60040      36.0         

    zixl_irY-yA51bA515~_zixl                                        190566       4.0 ( 25.0%)
    zixl_irY-rPL6iq3I1gIPL2i1I~_zixl                                 75932       4.0 ( 25.0%)
    zixl_irY-rPL6iq3I1EbPL5~_zixl                                    75816       4.0 ( 25.0%)
    zixl_irY-52A21p6[gIPL2i1I]~_zixl                                 10972       4.0 ( 25.0%)
  zixl_L1U-tAI~_zixl                                                468684      16.0         
    <zixl_I152>~_zixl                                                           16.0 (100.0%)

    zixl_4r-4IPt1~_zixl                                                  1       4.0 ( 33.3%)
    zixl_IAI-51234~_zixl                                                80       8.0 ( 66.7%)
  zixl_55-I1512~_zixl                                                  118      12.0         
    zixl_L1U-r73L8 [E]~_zixl                                           118      12.0 (100.0%)

    zixl_55-I1512~_zixl                                                118      12.0 (100.0%)
  zixl_L1U-r73L8~_zixl                                                 145      12.0         

    zixl_irY-5Pet1[rPL6iq3I1]~_zixl                                      4       8.0 (100.0%)
  zixl_irY-I1512dPet1I5~_zixl                                            5       8.0         
    zixl_irY-rPL6iq3I1EbPL5~_zixl                                        4       4.0 ( 50.0%)
      zixl_L1U-tAI [G]~_zixl                                         75816       4.0 (100.0%)
    zixl_irY-rPL6iq3I1bPL5 [E]~_zixl                                     5       4.0 ( 50.0%)

    zixl_irY-rPL6iq3I1xi62gIPL2i1I~_zixl                               176       4.0 (100.0%)
  zixl_55-ASSdP3Ir1~_zixl                                           178574       4.0         

    zixl_irY-I1512dPet1I5~_zixl                                          5       4.0 (100.0%)
  zixl_irY-rPL6iq3I1bPL5~_zixl                                           8       4.0         
    <zixl_I152>~_zixl                                                            4.0 (100.0%)

    zixl_irY-52I1Lq271L~_zixl                                            5       4.0 (100.0%)
  zixl_irY-rPL51r32iPL~_zixl                                             9       4.0         
    zixl_irY-rPL5E~_zixl                                                 2       4.0 (100.0%)
      <zixl_I152>~_zixl                                                          4.0 (100.0%)

