================================================================================
== Profile: REAL-TIME, VTIME, CPU-freq = 2.60 GHz
                                                          Calls Real-Time  Parent  Virt-Time  Parent 
                                                                   (secs) fraction    (secs) fraction

    <zixl_543IiP35>~_zixl                                                1       2.1 (100.0%)       1.8 (100.0%)
  zixl_5A5-ZAiL~_zixl                                                    1       2.1                1.8         
    zixl_5eAt1-I3L~_zixl                                                 1       2.1 ( 98.6%)       1.8 (100.0%)
      zixl_5eAt1-I1rt~_zixl                                             36       2.0 ( 98.6%)       1.8 (100.0%)
        zixl_5eAt1-191r321-2A58~_zixl                                   34       1.5 ( 72.7%)       1.8 ( 99.7%)
          zixl_yZr~_zixl                                               139       1.3 ( 90.4%)       1.6 ( 93.3%)
            zixl_5Pet1 [E]~_zixl                                       139       1.1 ( 80.0%)       1.3 ( 81.7%)
            zixl_7ALSe1-5A2~_zixl                                       30       0.1 (  4.5%)       0.0 (  0.0%)
              zixl_5eAt1-6iI1-5A61~_zixl                                30       0.0 ( 46.1%)       0.0 ( -nan%)
              <zixl_I152>~_zixl                                                  0.0 ( 53.9%)       0.0 ( -nan%)
            zixl_A553Z1~_zixl                                          139       0.1 (  3.7%)       0.0 (  2.4%)
              <zixl_I152>~_zixl                                                  0.0 ( 99.7%)       0.0 (100.0%)
            zixl_reA35i6O [E]~_zixl                                   7370       0.0 (  3.7%)       0.1 (  4.0%)
            zixl_34SA21-ZAI81S-tAI5 [E]~_zixl                          139       0.0 (  3.4%)       0.1 (  4.5%)
            zixl_ZAI8-ePqir [E]~_zixl                                  139       0.0 (  2.7%)       0.1 (  4.6%)
            zixl_34SA21-re1AI1S-tAI5 [E]~_zixl                         139       0.0 (  1.8%)       0.0 (  2.8%)
          zixl_iLS3r2iPL~_zixl                                          77       0.1 (  9.0%)       0.1 (  6.7%)
            zixl_5Pet1 [R]~_zixl                                        52       0.0 ( 27.2%)       0.0 ( 26.9%)
            zixl_reA35i6O [R]~_zixl                                    155       0.0 ( 17.9%)       0.0 ( 24.7%)
            zixl_ZAI8-ePqir [R]~_zixl                                   52       0.0 (  3.2%)       0.0 ( 10.4%)
            zixl_34SA21-ZAI81S-tAI5 [R]~_zixl                           52       0.0 (  3.1%)       0.0 (  7.2%)
            zixl_34SA21-re1AI1S-tAI5 [R]~_zixl                          52       0.0 (  2.4%)       0.0 (  5.9%)
            zixl_IUTe-y3ieS-6IPZ-AIIAO~_zixl                             1       0.0 (  2.1%)       0.0 (  0.0%)
            <zixl_I152>~_zixl                                                    0.1 ( 43.9%)       0.0 ( 25.0%)
        zixl_5eAt1-I1rt-UAi2~_zixl                                      67       0.5 ( 25.8%)       0.0 (  0.0%)
        <zixl_I152>~_zixl                                                        0.0 (  1.1%)       0.0 (  0.3%)
      zixl_5eAt1-I3L-i21IA2iPL~_zixl                                    35       0.0 (  1.4%)       0.0 (  0.0%)
        zixl_5eAt1-51LS-I1ASO~_zixl                                     35       0.0 ( 81.7%)       0.0 ( -nan%)
        <zixl_I152>~_zixl                                                        0.0 ( 18.3%)       0.0 ( -nan%)
    <zixl_I152>~_zixl                                                            0.0 (  1.4%)       0.0 (  0.0%)

    zixl_yZr~_zixl                                                     139       1.1 ( 96.7%)       1.3 ( 97.7%)
    zixl_iLS3r2iPL~_zixl                                                52       0.0 (  3.3%)       0.0 (  2.3%)
  zixl_5Pet1~_zixl                                                     191       1.1                1.4         
    zixl_3LSP [R]~_zixl                                               6383       0.1 (  9.1%)       0.2 ( 12.2%)
    zixl_ALAeOz1~_zixl                                                6321       0.0 (  3.7%)       0.0 (  1.0%)
      zixl_ZiLiZiz1-rPL6eir2~_zixl                                    6321       0.0 ( 41.4%)       0.0 (  0.0%)
      zixl_q1L1IA21-reA351~_zixl                                      6321       0.0 ( 23.6%)       0.0 (  0.0%)
      zixl_y3Z4-tAI5~_zixl                                            6321       0.0 ( 23.0%)       0.0 (100.0%)
      zixl_6iLi57~_zixl                                               6321       0.0 (  9.6%)       0.0 (  0.0%)
      <zixl_I152>~_zixl                                                          0.0 (  2.5%)       0.0 (  0.0%)
    <zixl_I152>~_zixl                                                            1.0 ( 87.0%)       1.2 ( 86.7%)

    zixl_L1U-tAI~_zixl                                                 104       0.0 (  9.9%)       0.0 (  8.7%)
    zixl_5Pet1~_zixl                                                  6383       0.1 ( 76.3%)       0.2 ( 80.0%)
    zixl_34SA21-ZAI81S-tAI5~_zixl                                       63       0.0 ( 13.7%)       0.0 ( 11.3%)
  zixl_3LSP~_zixl                                                     6560       0.1                0.2         

    zixl_yZr~_zixl                                                    7370       0.0 ( 67.7%)       0.1 ( 69.4%)
    zixl_iLS3r2iPL~_zixl                                               155       0.0 ( 32.3%)       0.0 ( 30.6%)
  zixl_reA35i6O~_zixl                                                 7525       0.1                0.1         
    zixl_L1U-tAI~_zixl                                               57629       0.0 ( 31.7%)       0.0 ( 29.3%)
      zixl_3LSP [E]~_zixl                                              104       0.0 ( 56.2%)       0.0 ( 65.7%)
      <zixl_I152>~_zixl                                                          0.0 ( 43.8%)       0.0 ( 34.3%)
    <zixl_I152>~_zixl                                                            0.1 ( 67.8%)       0.1 ( 70.7%)

    zixl_yZr~_zixl                                                     139       0.0 ( 91.7%)       0.1 ( 89.9%)
    zixl_iLS3r2iPL~_zixl                                                52       0.0 (  8.3%)       0.0 ( 10.1%)
  zixl_34SA21-ZAI81S-tAI5~_zixl                                        191       0.0                0.1         
    zixl_3LSP [Y]~_zixl                                                 63       0.0 ( 36.1%)       0.0 ( 28.6%)
    <zixl_I152>~_zixl                                                            0.0 ( 63.9%)       0.1 ( 71.4%)

    zixl_yZr~_zixl                                                     139       0.0 ( 89.5%)       0.1 ( 86.0%)
    zixl_iLS3r2iPL~_zixl                                                52       0.0 ( 10.5%)       0.0 ( 14.0%)
  zixl_ZAI8-ePqir~_zixl                                                191       0.0                0.1         

    zixl_yZr~_zixl                                                     139       0.0 ( 88.3%)       0.0 ( 86.8%)
    zixl_iLS3r2iPL~_zixl                                                52       0.0 ( 11.7%)       0.0 ( 13.2%)
  zixl_34SA21-re1AI1S-tAI5~_zixl                                       191       0.0                0.1         
    <zixl_I152>~_zixl                                                            0.0 ( 99.6%)       0.1 ( 99.9%)


================================================================================
== Profile: PEAK-MEMORY, CPU-freq = 2.60 GHz
                                                          Calls   Peak-Mb         
                                                                                  

    <zixl_543IiP35>~_zixl                                                1      32.0 (100.0%)
  zixl_5A5-ZAiL~_zixl                                                    1      32.0         
    zixl_5eAt1-I3L~_zixl                                                 1      32.0 (100.0%)
      zixl_5eAt1-I1rt~_zixl                                             36      32.0 (100.0%)
        zixl_5eAt1-191r321-2A58~_zixl                                   34      28.0 ( 87.5%)
          zixl_yZr~_zixl                                               139      20.0 ( 71.4%)
            zixl_A553Z1~_zixl                                          139       8.0 ( 40.0%)
              <zixl_I152>~_zixl                                                  8.0 (100.0%)
            zixl_reA35i6O [E]~_zixl                                   7370       4.0 ( 20.0%)
            zixl_5Pet1 [E]~_zixl                                       139       4.0 ( 20.0%)
            zixl_7ALSe1-5A2~_zixl                                       30       4.0 ( 20.0%)
              <zixl_I152>~_zixl                                                  4.0 (100.0%)
          zixl_L1U-r73L8 [E]~_zixl                                       2       4.0 ( 14.3%)
          zixl_iLS3r2iPL~_zixl                                          77       4.0 ( 14.3%)
            <zixl_I152>~_zixl                                                    4.0 (100.0%)
        <zixl_I152>~_zixl                                                        4.0 ( 12.5%)

    zixl_5eAt1-191r321-2A58~_zixl                                        2       4.0 ( 50.0%)
    zixl_reA35i6O~_zixl                                                  3       4.0 ( 50.0%)
  zixl_L1U-r73L8~_zixl                                                   5       8.0         

    zixl_yZr~_zixl                                                    7370       4.0 (100.0%)
  zixl_reA35i6O~_zixl                                                 7525       4.0         
    zixl_L1U-r73L8 [R]~_zixl                                             3       4.0 (100.0%)

    zixl_yZr~_zixl                                                     139       4.0 (100.0%)
  zixl_5Pet1~_zixl                                                     191       4.0         
    <zixl_I152>~_zixl                                                            4.0 (100.0%)

