================================================================================
== Profile: REAL-TIME, VTIME, CPU-freq = 2.60 GHz
                                                          Calls Real-Time  Parent  Virt-Time  Parent 
                                                                   (secs) fraction    (secs) fraction

    <zixl_543IiP35>~_zixl                                                1       2.2 (100.0%)       0.5 (100.0%)
  zixl_5A5-ZAiL~_zixl                                                    1       2.2                0.5         
    zixl_5eAt1-I3L~_zixl                                                 1       2.2 ( 99.7%)       0.5 (100.0%)
      zixl_5eAt1-I1rt~_zixl                                              3       2.2 ( 99.9%)       0.5 (100.0%)
        zixl_5eAt1-191r321-2A58~_zixl                                    1       1.6 ( 72.1%)       0.5 ( 98.9%)
          zixl_i21-4Ar8Aq1~_zixl                                     19815       1.5 ( 96.4%)       0.5 ( 97.7%)
            zixl_i21-rI1A21~_zixl                                    19815       1.5 ( 99.9%)       0.5 (100.0%)
          <zixl_I152>~_zixl                                                      0.1 (  3.5%)       0.0 (  2.3%)
        zixl_5eAt1-I1rt-UAi2~_zixl                                       5       0.6 ( 26.4%)       0.0 (  0.0%)
        <zixl_I152>~_zixl                                                        0.0 (  1.5%)       0.0 (  1.1%)


================================================================================
== Profile: PEAK-MEMORY, CPU-freq = 2.60 GHz
                                                          Calls   Peak-Mb         
                                                                                  

    <zixl_543IiP35>~_zixl                                                1     176.0 (100.0%)
  zixl_5A5-ZAiL~_zixl                                                    1     176.0         
    zixl_5eAt1-I3L~_zixl                                                 1     176.0 (100.0%)
      zixl_5eAt1-I1rt~_zixl                                              3     176.0 (100.0%)
        zixl_5eAt1-191r321-2A58~_zixl                                    1     172.0 ( 97.7%)
          zixl_i21-4Ar8Aq1~_zixl                                     19815     144.0 ( 83.7%)
            zixl_i21-rI1A21~_zixl                                    19815     144.0 (100.0%)
          <zixl_I152>~_zixl                                                     28.0 ( 16.3%)
        <zixl_I152>~_zixl                                                        4.0 (  2.3%)

