================================================================================
== Profile: REAL-TIME, VTIME, CPU-freq = 2.60 GHz
                                                          Calls Real-Time  Parent  Virt-Time  Parent 
                                                                   (secs) fraction    (secs) fraction

    <zixl_543IiP35>~_zixl                                                1      52.0 (100.0%)      69.9 (100.0%)
  zixl_5A5-ZAiL~_zixl                                                    1      52.0               69.9         
    zixl_5eAt1-I3L~_zixl                                                 1      52.0 ( 99.9%)      69.9 (100.0%)
      zixl_5eAt1-I1rt~_zixl                                             95      51.9 ( 99.9%)      69.9 (100.0%)
        zixl_5eAt1-191r321-2A58~_zixl                                   93      51.3 ( 98.9%)      69.9 ( 99.9%)
          zixl_yZr~_zixl                                               255      50.7 ( 98.8%)      69.2 ( 99.0%)
            zixl_5Pet1 [E]~_zixl                                       255      50.3 ( 99.2%)      68.6 ( 99.2%)
          zixl_iLS3r2iPL~_zixl                                         201       0.6 (  1.1%)       0.7 (  1.0%)
            zixl_5Pet1 [R]~_zixl                                       173       0.3 ( 54.5%)       0.4 ( 52.0%)
            zixl_reA35i6O [R]~_zixl                                    967       0.1 ( 17.5%)       0.1 ( 19.7%)
            zixl_ZAI8-ePqir [R]~_zixl                                  173       0.0 (  3.9%)       0.1 (  8.5%)
            zixl_34SA21-ZAI81S-tAI5 [R]~_zixl                          173       0.0 (  3.7%)       0.0 (  6.2%)
            zixl_34SA21-re1AI1S-tAI5 [R]~_zixl                         173       0.0 (  2.5%)       0.0 (  5.0%)
            <zixl_I152>~_zixl                                                    0.1 ( 17.1%)       0.1 (  8.7%)

    zixl_yZr~_zixl                                                     255      50.3 ( 99.4%)      68.6 ( 99.5%)
  zixl_5Pet1~_zixl                                                     428      50.6               69.0         
    zixl_ALAeOz1~_zixl                                              552894      11.0 ( 21.8%)       1.8 (  2.5%)
      zixl_ZiLiZiz1-rPL6eir2~_zixl                                  552894       6.6 ( 60.0%)       0.0 (  0.0%)
      zixl_q1L1IA21-reA351~_zixl                                    552894       1.9 ( 16.9%)       0.0 (  0.0%)
      zixl_y3Z4-tAI5~_zixl                                          552894       1.3 ( 11.9%)       1.8 (100.0%)
      zixl_6iLi57~_zixl                                             552894       1.1 ( 10.2%)       0.0 (  0.0%)
      <zixl_I152>~_zixl                                                          0.1 (  1.0%)       0.0 (  0.0%)
    zixl_3LSP [R]~_zixl                                             557631       3.3 (  6.4%)       6.2 (  8.9%)
    zixl_I1S3r1-SyF~_zixl                                              102       2.5 (  4.9%)       0.0 (  0.0%)
      zixl_I1ePr-34SA21~_zixl                                           23       1.7 ( 68.1%)       0.0 ( -nan%)
      zixl_I1ePr-rP4O~_zixl                                             23       0.4 ( 15.8%)       0.0 ( -nan%)
        zixl_I1e1A51-r73L8~_zixl                                   4886402       0.0 ( 12.3%)       0.0 ( -nan%)
        <zixl_I152>~_zixl                                                        0.3 ( 87.2%)       0.0 ( -nan%)
      <zixl_I152>~_zixl                                                          0.4 ( 15.3%)       0.0 ( -nan%)
    <zixl_I152>~_zixl                                                           33.6 ( 66.5%)      61.1 ( 88.5%)

    zixl_5Pet1~_zixl                                                557631       3.3 ( 99.1%)       6.2 ( 99.3%)
  zixl_3LSP~_zixl                                                   557969       3.3                6.2         

  <zixl_58i441S>~_zixl                                                           0.5 (  0.9%)       0.8 (  1.1%)

================================================================================
== Profile: PEAK-MEMORY, CPU-freq = 2.60 GHz
                                                          Calls   Peak-Mb         
                                                                                  

    <zixl_543IiP35>~_zixl                                                1      80.0 (100.0%)
  zixl_5A5-ZAiL~_zixl                                                    1      80.0         
    zixl_5eAt1-I3L~_zixl                                                 1      80.0 (100.0%)
      zixl_5eAt1-I1rt~_zixl                                             95      80.0 (100.0%)
        zixl_5eAt1-191r321-2A58~_zixl                                   93      72.0 ( 90.0%)
          zixl_yZr~_zixl                                               255      52.0 ( 72.2%)
            zixl_5Pet1 [E]~_zixl                                       255      36.0 ( 69.2%)
            zixl_A553Z1~_zixl                                          255       4.0 (  7.7%)
              <zixl_I152>~_zixl                                                  4.0 (100.0%)
            zixl_ZAI8-ePqir [E]~_zixl                                  255       4.0 (  7.7%)
            zixl_reA35i6O [E]~_zixl                                  14082       4.0 (  7.7%)
            zixl_7ALSe1-5A2~_zixl                                       15       4.0 (  7.7%)
              <zixl_I152>~_zixl                                                  4.0 (100.0%)
          zixl_iLS3r2iPL~_zixl                                         201      16.0 ( 22.2%)
            zixl_reA35i6O [R]~_zixl                                    967       4.0 ( 25.0%)
            <zixl_I152>~_zixl                                                   12.0 ( 75.0%)
          zixl_L1U-r73L8 [E]~_zixl                                       8       4.0 (  5.6%)
        <zixl_I152>~_zixl                                                        8.0 ( 10.0%)

    zixl_5eAt1-191r321-2A58~_zixl                                        8       4.0 ( 10.0%)
    zixl_ASS-e1AIL2-reA351~_zixl                                       184      16.0 ( 40.0%)
    zixl_I1ePr-rP4O~_zixl                                              488      20.0 ( 50.0%)
  zixl_L1U-r73L8~_zixl                                                 738      40.0         

    zixl_yZr~_zixl                                                     255      36.0 (100.0%)
  zixl_5Pet1~_zixl                                                     428      36.0         
    zixl_I1S3r1-SyF~_zixl                                              102      20.0 ( 55.6%)
      zixl_I1ePr-rP4O~_zixl                                             23      20.0 (100.0%)
        zixl_L1U-r73L8 [D]~_zixl                                       488      20.0 (100.0%)
    zixl_ASS-e1AIL2-reA351~_zixl                                    552892      16.0 ( 44.4%)
      zixl_L1U-r73L8 [T]~_zixl                                         184      16.0 (100.0%)

    zixl_yZr~_zixl                                                   14082       4.0 ( 50.0%)
    zixl_iLS3r2iPL~_zixl                                               967       4.0 ( 50.0%)
  zixl_reA35i6O~_zixl                                                15049       8.0         
    zixl_L1U-tAI~_zixl                                              222601       4.0 ( 50.0%)
      <zixl_I152>~_zixl                                                          4.0 (100.0%)
    <zixl_I152>~_zixl                                                            4.0 ( 50.0%)

    zixl_yZr~_zixl                                                     255       4.0 (100.0%)
  zixl_ZAI8-ePqir~_zixl                                                428       4.0         

