================================================================================
== Profile: REAL-TIME, VTIME, CPU-freq = 2.60 GHz
                                                          Calls Real-Time  Parent  Virt-Time  Parent 
                                                                   (secs) fraction    (secs) fraction

    <zixl_543IiP35>~_zixl                                                1      52.4 (100.0%)      70.5 (100.0%)
  zixl_5A5-ZAiL~_zixl                                                    1      52.4               70.5         
    zixl_5eAt1-I3L~_zixl                                                 1      52.4 (100.0%)      70.5 (100.0%)
      zixl_5eAt1-I1rt~_zixl                                             35      52.3 ( 99.9%)      70.5 (100.0%)
        zixl_5eAt1-191r321-2A58~_zixl                                   33      51.3 ( 97.9%)      70.4 (100.0%)
          zixl_IAI-iZ4e-5Pet1~_zixl                                     33      51.2 (100.0%)      70.4 (100.0%)
            zixl_IAI-5Pet1~_zixl                                        33      48.3 ( 94.3%)      66.8 ( 94.8%)
              zixl_IAI-5Pet1-5Pet1~_zixl                               147      46.0 ( 95.2%)      62.7 ( 93.8%)
                zixl_irY-5Pet1~_zixl                                   133      42.4 ( 92.2%)      59.8 ( 95.5%)
                  zixl_irY-52I1Lq271L~_zixl                            212      32.1 ( 75.6%)      48.4 ( 80.9%)
                    zixl_irY-q1L1IAeiz1~_zixl                         1010      21.8 ( 68.0%)      33.0 ( 68.2%)
                      zixl_irY-Zir~_zixl                              1010      19.6 ( 89.9%)      29.6 ( 89.8%)
                        zixl_irY-r2qfPUL~_zixl                        8159      18.9 ( 96.1%)      28.9 ( 97.4%)
                          zixl_irY-rPL51r32iPL [T]~_zixl              8990      16.3 ( 86.5%)      25.3 ( 87.5%)
                          zixl_irY-iLi2iA2iPL [T]~_zixl              10862       2.5 ( 13.1%)       3.6 ( 12.5%)
                        zixl_irY-34~_zixl                             4788       0.8 (  3.8%)       0.8 (  2.6%)
                          zixl_5r5-5Pet1 [T]~_zixl                    6099       0.6 ( 78.5%)       0.6 ( 82.6%)
                          zixl_5Pet1 [G]~_zixl                        4788       0.1 ( 12.6%)       0.1 ( 14.0%)
                          zixl_3LSP [D]~_zixl                         8559       0.0 (  1.5%)       0.0 (  2.5%)
                          <zixl_I152>~_zixl                                      0.1 (  7.0%)       0.0 (  0.5%)
                      zixl_irY-rPL51r32iPL [R]~_zixl                   859       2.2 ( 10.0%)       3.3 ( 10.1%)
                    zixl_irY-rPL51r32iPL [E]~_zixl                    1847       5.6 ( 17.4%)       8.9 ( 18.3%)
                    zixl_5r5-5Pet1 [E]~_zixl                           317       2.5 (  7.7%)       4.1 (  8.5%)
                    zixl_irY-iLi2iA2iPL [E]~_zixl                     1756       2.1 (  6.5%)       2.2 (  4.6%)
                  zixl_irY-yA51bA515~_zixl                             130       4.3 ( 10.0%)       4.3 (  7.2%)
                    zixl_IAI-6iI1dA61 [E]~_zixl                         50       1.4 ( 32.3%)       0.6 ( 14.2%)
                    zixl_5Pet1 [R]~_zixl                               232       0.7 ( 16.0%)       1.1 ( 25.4%)
                    zixl_L1U-tAI [T]~_zixl                         2210141       0.3 (  7.9%)       0.4 (  8.5%)
                    zixl_55-ASSdP3Ir1 [R]~_zixl                     377934       0.1 (  1.2%)       0.0 (  0.0%)
                    <zixl_I152>~_zixl                                            1.8 ( 42.6%)       2.2 ( 52.0%)
                  zixl_irY-5Pet1[rPL6iq3I1]~_zixl                       81       2.6 (  6.1%)       3.2 (  5.3%)
                    zixl_irY-I1512dPet1I5 [E]~_zixl                     81       1.9 ( 72.8%)       2.3 ( 73.9%)
                    zixl_irY-rPL6iq3I1gIPL2i1I~_zixl                    81       0.7 ( 25.7%)       0.8 ( 24.9%)
                      zixl_L1U-tAI [D]~_zixl                        568134       0.1 ( 13.5%)       0.1 ( 11.9%)
                      zixl_I1ZPt1-5A2i56i1S [T]~_zixl                  405       0.0 (  3.2%)       0.0 (  3.9%)
                      zixl_55-ASSdP3Ir1 [Y]~_zixl                   124801       0.0 (  2.1%)       0.0 (  0.0%)
                      <zixl_I152>~_zixl                                          0.5 ( 80.0%)       0.7 ( 84.1%)
                      <zixl_58i441S>~_zixl                                       0.0 (  1.2%)       0.0 (  0.0%)
                    zixl_irY-rPL6iq3I1xi62gIPL2i1I [E]~_zixl            81       0.0 (  1.5%)       0.0 (  1.2%)
                  zixl_IAI-6iI1dA61 [R]~_zixl                           56       1.7 (  4.0%)       1.8 (  3.1%)
                  zixl_irY-9A553Z15~_zixl                               88       1.1 (  2.6%)       1.2 (  2.0%)
                    zixl_irY-I1512xi62dPet1I5~_zixl                     88       1.0 ( 94.8%)       1.2 ( 96.9%)
                      zixl_irY-rPL6iq3I1xi62 [R]~_zixl                  88       0.5 ( 47.4%)       0.6 ( 49.7%)
                      zixl_irY-rPL6iq3I1xi62gIPL2i1I [R]~_zixl          88       0.5 ( 47.3%)       0.6 ( 50.3%)
                      zixl_55-I1512 [H]~_zixl                          176       0.1 (  5.3%)       0.0 (  0.0%)
                    <zixl_I152>~_zixl                                            0.1 (  5.2%)       0.0 (  3.1%)
                  zixl_irY-I1512dPet1I5 [R]~_zixl                       46       0.5 (  1.1%)       0.5 (  0.9%)
                zixl_ySS-5Pet1~_zixl                                    14       3.6 (  7.8%)       2.8 (  4.5%)
                  zixl_yeL_ySS~_zixl                                    14       3.4 ( 95.6%)       2.7 ( 96.1%)
                    zixl_yeL_ySS-Zr~_zixl                               13       2.1 ( 62.0%)       1.8 ( 66.2%)
                    zixl_yeL_ySS-ir~_zixl                               13       1.3 ( 37.9%)       0.9 ( 33.8%)
                      zixl_yeL_ySS-ir-2I~_zixl                          13       0.7 ( 51.7%)       0.4 ( 47.0%)
                      zixl_yeL_ySS-ir-rL52I5-4I1~_zixl                  13       0.6 ( 48.0%)       0.5 ( 52.8%)
                  zixl_IAI-6iI1dA61 [T]~_zixl                            9       0.1 (  1.5%)       0.1 (  1.8%)
                  zixl_I14-2IAr1~_zixl                                   9       0.0 (  1.2%)       0.1 (  2.1%)
                    zixl_reA35i6O [T]~_zixl                            365       0.0 ( 32.2%)       0.0 ( 54.7%)
                    zixl_5Pet1 [RE]~_zixl                                9       0.0 (  4.6%)       0.0 (  6.4%)
                    zixl_34SA21-ZAI81S-tAI5 [T]~_zixl                    9       0.0 (  3.8%)       0.0 (  6.7%)
                    zixl_ZAI8-ePqir [T]~_zixl                            9       0.0 (  1.6%)       0.0 (  5.4%)
                    <zixl_I152>~_zixl                                            0.0 ( 57.4%)       0.0 ( 26.8%)
                  <zixl_I152>~_zixl                                              0.1 (  1.7%)       0.0 (  0.0%)
              zixl_IAI-4yA-2IAr1~_zixl                                  51       0.7 (  1.4%)       2.8 (  4.2%)
                zixl_IAI-6iI1dA61 [Y]~_zixl                             51       0.6 ( 91.7%)       2.8 ( 97.8%)
                zixl_IAI-rPL52I3r2 [R]~_zixl                            51       0.0 (  5.7%)       0.1 (  2.2%)
                <zixl_I152>~_zixl                                                0.0 (  2.5%)       0.0 (  0.0%)
              zixl_4yA-5Pet1~_zixl                                      65       0.5 (  1.0%)       0.9 (  1.3%)
                zixl_4yA-5Pet1-5Pet1~_zixl                              64       0.3 ( 56.1%)       0.6 ( 70.9%)
                  zixl_reA35i6O [R]~_zixl                             7881       0.1 ( 51.0%)       0.3 ( 53.4%)
                  zixl_5Pet1 [K]~_zixl                                  64       0.1 ( 41.9%)       0.2 ( 36.4%)
                  zixl_34SA21-ZAI81S-tAI5 [R]~_zixl                     64       0.0 (  4.8%)       0.0 (  5.7%)
                  zixl_ZAI8-ePqir [R]~_zixl                             64       0.0 (  2.1%)       0.0 (  4.5%)
                zixl_4yA-5Pet1-A553Z1~_zixl                             65       0.1 ( 25.4%)       0.2 ( 17.5%)
                  <zixl_I152>~_zixl                                              0.1 ( 99.3%)       0.2 (100.0%)
                zixl_4yA-1LrPS1~_zixl                                   65       0.1 ( 12.4%)       0.1 ( 11.6%)
                  zixl_yeL-rI1A21-i21 [R]~_zixl                     332056       0.0 ( 48.4%)       0.1 ( 99.9%)
                  <zixl_I152>~_zixl                                              0.0 ( 51.6%)       0.0 (  0.1%)
                <zixl_I152>~_zixl                                                0.0 (  6.1%)       0.0 (  0.0%)
              <zixl_I152>~_zixl                                                  0.8 (  1.7%)       0.0 (  0.0%)
            zixl_IAI-iLtAIiAL25~_zixl                                   33       2.5 (  4.9%)       3.6 (  5.1%)
              zixl_irY-iLtAIiAL25~_zixl                                 27       2.5 (100.0%)       3.6 (100.0%)
                zixl_irY-4IP4AqA21 [E]~_zixl                            27       2.2 ( 87.2%)       3.3 ( 91.3%)
                zixl_irY-rPL6iq3I1bPL5 [R]~_zixl                        24       0.2 (  9.8%)       0.3 (  8.7%)
                zixl_5r5-I1512 [T]~_zixl                                24       0.0 (  1.7%)       0.0 (  0.0%)
                zixl_55-I1512 [G]~_zixl                                 24       0.0 (  1.3%)       0.0 (  0.0%)
        zixl_5eAt1-I1rt-UAi2~_zixl                                      53       1.0 (  1.9%)       0.0 (  0.0%)

    zixl_irY-yA51bA515~_zixl                                           232       0.7 (  2.2%)       1.1 (  2.3%)
    zixl_5r5-5Pet1~_zixl                                             17324      17.1 ( 56.3%)      26.9 ( 55.4%)
    zixl_irY-iLi2iA2iPL~_zixl                                        15741       3.7 ( 12.0%)       5.0 ( 10.2%)
    zixl_irY-rPL5E~_zixl                                              2337       6.9 ( 22.6%)      10.4 ( 21.4%)
    zixl_irY-52A21p6~_zixl                                            4775       1.3 (  4.3%)       2.1 (  4.4%)
    zixl_52e-ei62~_zixl                                                105       0.5 (  1.6%)       2.7 (  5.5%)
    <zixl_58i441S>~_zixl                                                         0.3 (  1.0%)       0.4 (  0.9%)
  zixl_5Pet1~_zixl                                                   45678      30.4               48.6         
    zixl_3LSP [R]~_zixl                                             206433       2.5 (  8.2%)       5.3 ( 10.9%)
    zixl_ALAeOz1~_zixl                                              194782       0.9 (  2.9%)       0.2 (  0.5%)
      zixl_q1L1IA21-reA351~_zixl                                    194782       0.3 ( 31.6%)       0.0 (  0.0%)
      zixl_ZiLiZiz1-rPL6eir2~_zixl                                  194782       0.2 ( 27.3%)       0.0 (  0.0%)
      zixl_y3Z4-tAI5~_zixl                                          194782       0.2 ( 25.0%)       0.2 (100.0%)
      zixl_6iLi57~_zixl                                             194782       0.1 ( 13.2%)       0.0 (  0.0%)
      <zixl_I152>~_zixl                                                          0.0 (  3.0%)       0.0 (  0.0%)
    zixl_I1ZPt1-5A2i56i1S [E]~_zixl                                  10370       0.6 (  1.9%)       0.9 (  1.8%)
    <zixl_I152>~_zixl                                                           25.7 ( 84.7%)      42.2 ( 86.7%)
    <zixl_58i441S>~_zixl                                                         0.7 (  2.2%)       0.1 (  0.1%)

    zixl_irY-52I1Lq271L~_zixl                                         1847       5.6 ( 23.2%)       8.9 ( 23.7%)
    zixl_irY-q1L1IAeiz1~_zixl                                          859       2.2 (  9.0%)       3.3 (  8.9%)
    zixl_irY-r2qfPUL~_zixl                                            8990      16.3 ( 67.8%)      25.3 ( 67.4%)
  zixl_irY-rPL51r32iPL~_zixl                                         11696      24.1               37.5         
    zixl_irY-rPL5~_zixl                                               9359      16.8 ( 69.9%)      26.8 ( 71.6%)
      zixl_5r5-5Pet1 [R]~_zixl                                        9359      13.3 ( 78.8%)      20.2 ( 75.4%)
      zixl_irY-52A21p6 [E]~_zixl                                      4775       1.9 ( 11.3%)       2.6 (  9.6%)
      zixl_3LSP [Y]~_zixl                                             9347       1.6 (  9.5%)       4.0 ( 14.9%)
    zixl_irY-rPL5E~_zixl                                              2337       7.2 ( 30.1%)      10.7 ( 28.4%)
      zixl_5Pet1 [F]~_zixl                                            2337       6.9 ( 94.9%)      10.4 ( 97.8%)
      zixl_irY-52A21p6 [R]~_zixl                                      1488       0.2 (  2.1%)       0.0 (  0.0%)
      <zixl_I152>~_zixl                                                          0.2 (  2.4%)       0.2 (  1.8%)

    zixl_irY-52I1Lq271L~_zixl                                          317       2.5 ( 13.3%)       4.1 ( 14.5%)
    zixl_irY-rPL5~_zixl                                               9359      13.3 ( 71.8%)      20.2 ( 71.5%)
    zixl_irY-34~_zixl                                                 6099       0.6 (  3.2%)       0.6 (  2.2%)
    zixl_irY-U1A8bPL51r32iPL~_zixl                                    1549       2.2 ( 11.6%)       3.3 ( 11.8%)
  zixl_5r5-5Pet1~_zixl                                               17324      18.5               28.3         
    zixl_5Pet1 [T]~_zixl                                             17324      17.1 ( 92.5%)      26.9 ( 95.1%)
    zixl_55-ZAI8~_zixl                                               17324       1.1 (  6.0%)       1.0 (  3.7%)
      zixl_3LSP [J]~_zixl                                              787       0.1 ( 11.4%)       0.3 ( 26.9%)
      <zixl_I152>~_zixl                                                          1.0 ( 88.6%)       0.8 ( 73.1%)
    <zixl_I152>~_zixl                                                            0.2 (  1.1%)       0.2 (  0.8%)

    zixl_irY-52I1Lq271L~_zixl                                         1756       2.1 ( 43.1%)       2.2 ( 36.1%)
    zixl_irY-r2qfPUL~_zixl                                           10862       2.5 ( 51.5%)       3.6 ( 58.6%)
    zixl_irY-U1A8bPL51r32iPL~_zixl                                      10       0.2 (  5.0%)       0.3 (  5.0%)
  zixl_irY-iLi2iA2iPL~_zixl                                          14153       4.8                6.1         
    zixl_5Pet1 [D]~_zixl                                             15741       3.7 ( 76.1%)       5.0 ( 80.9%)
    zixl_L1U-tAI [RE]~_zixl                                         936647       0.1 (  2.8%)       0.2 (  2.6%)
    zixl_I1ePr-34SA21 [R]~_zixl                                         30       0.1 (  2.4%)       0.0 (  0.0%)
    zixl_3LSP [T]~_zixl                                               1503       0.1 (  1.3%)       0.1 (  1.2%)
    <zixl_I152>~_zixl                                                            0.8 ( 15.9%)       0.9 ( 14.9%)
    <zixl_58i441S>~_zixl                                                         0.1 (  1.5%)       0.0 (  0.4%)

    zixl_L1U-tAI~_zixl                                                1165       0.1 (  1.5%)       0.1 (  1.2%)
    zixl_5Pet1~_zixl                                                206433       2.5 ( 55.8%)       5.3 ( 53.0%)
    zixl_irY-iLi2iA2iPL~_zixl                                         1503       0.1 (  1.4%)       0.1 (  0.7%)
    zixl_irY-rPL5~_zixl                                               9347       1.6 ( 35.9%)       4.0 ( 39.9%)
    zixl_irY-52A21p6~_zixl                                            4774       0.1 (  1.8%)       0.2 (  1.6%)
    zixl_55-ZAI8~_zixl                                                 787       0.1 (  2.8%)       0.3 (  2.8%)
  zixl_3LSP~_zixl                                                   233213       4.5               10.0         

    zixl_irY-yA51bA515~_zixl                                            50       1.4 ( 36.9%)       0.6 ( 11.7%)
    zixl_irY-5Pet1~_zixl                                                56       1.7 ( 45.6%)       1.8 ( 34.7%)
    zixl_ySS-5Pet1~_zixl                                                 9       0.1 (  1.5%)       0.1 (  1.0%)
    zixl_IAI-4yA-2IAr1~_zixl                                            51       0.6 ( 16.1%)       2.8 ( 52.7%)
  zixl_IAI-6iI1dA61~_zixl                                              166       3.7                5.3         
    zixl_IAI-ei62~_zixl                                                152       2.3 ( 60.8%)       4.9 ( 92.8%)
      zixl_52e-ei62~_zixl                                              113       2.1 ( 92.3%)       4.9 (100.0%)
        zixl_reA35i6O [E]~_zixl                                     499109       0.8 ( 39.9%)       1.4 ( 29.5%)
        zixl_3LIPee~_zixl                                             2936       0.6 ( 26.7%)       0.6 ( 12.2%)
          <zixl_I152>~_zixl                                                      0.6 ( 98.7%)       0.6 (100.0%)
          <zixl_58i441S>~_zixl                                                   0.0 (  1.3%)       0.0 (  0.0%)
        zixl_5Pet1 [J]~_zixl                                           105       0.5 ( 22.7%)       2.7 ( 54.3%)
        zixl_52e-ei62-rPL6eir2~_zixl                                    99       0.1 (  2.6%)       0.0 (  0.0%)
        zixl_34SA21-ZAI81S-tAI5 [E]~_zixl                              105       0.0 (  2.1%)       0.1 (  2.0%)
        zixl_ZAI8-ePqir [E]~_zixl                                      105       0.0 (  1.3%)       0.1 (  1.6%)
        zixl_52e-ei62-4Ii~_zixl                                        105       0.0 (  1.3%)       0.0 (  0.0%)
        <zixl_I152>~_zixl                                                        0.1 (  3.1%)       0.0 (  0.4%)
      <zixl_I152>~_zixl                                                          0.2 (  7.7%)       0.0 (  0.0%)
    zixl_IAI-ASSgI11s553Z15 [E]~_zixl                                  166       0.8 ( 22.2%)       0.0 (  0.0%)
    zixl_IAI-I16iL1~_zixl                                              166       0.6 ( 17.0%)       0.4 (  7.2%)
      zixl_IAI-5iZhPAe5~_zixl                                          299       0.3 ( 45.1%)       0.3 ( 91.4%)
      zixl_IAI-L1r155AIO~_zixl                                       12640       0.2 ( 35.0%)       0.0 (  6.6%)
        zixl_IAI-5iZf1e2A~_zixl                                      12640       0.2 ( 95.6%)       0.0 ( 91.1%)
          <zixl_I152>~_zixl                                                      0.2 ( 99.3%)       0.0 (100.0%)
        <zixl_I152>~_zixl                                                        0.0 (  4.4%)       0.0 (  8.9%)
      zixl_IAI-192IAr2 [E]~_zixl                                       166       0.0 (  4.7%)       0.0 (  0.9%)
      zixl_IAI-eAO1I5~_zixl                                            137       0.0 (  3.1%)       0.0 (  0.0%)
      zixl_IAI-I16iL1-A553Z15~_zixl                                     15       0.0 (  3.0%)       0.0 (  0.4%)
        zixl_IAI-iLi2B1qi521I5 [Y]~_zixl                                15       0.0 ( 98.9%)       0.0 (100.0%)
      zixl_IAI-I1SPNIAr1~_zixl                                         133       0.0 (  2.3%)       0.0 (  0.7%)
        zixl_IAI-192IAr2 [R]~_zixl                                     133       0.0 ( 99.9%)       0.0 (100.0%)
      <zixl_I152>~_zixl                                                          0.0 (  5.8%)       0.0 (  0.0%)

    zixl_irY-iLtAIiAL25~_zixl                                           27       2.2 ( 91.4%)       3.3 ( 90.9%)
    zixl_irY-5Pet1~_zixl                                                46       0.2 (  8.6%)       0.3 (  9.1%)
  zixl_irY-4IP4AqA21~_zixl                                              73       2.4                3.6         
    zixl_irY-U1A8bPL51r32iPL~_zixl                                    1549       2.4 ( 99.8%)       3.6 (100.0%)
      zixl_5r5-5Pet1 [Y]~_zixl                                        1549       2.2 ( 89.8%)       3.3 ( 91.6%)
      zixl_irY-iLi2iA2iPL [D]~_zixl                                     10       0.2 ( 10.1%)       0.3 (  8.4%)

    zixl_irY-5Pet1[rPL6iq3I1]~_zixl                                     81       1.9 ( 79.4%)       2.3 ( 81.2%)
    zixl_irY-5Pet1~_zixl                                                46       0.5 ( 20.6%)       0.5 ( 18.8%)
  zixl_irY-I1512dPet1I5~_zixl                                          127       2.4                2.9         
    zixl_irY-rPL6iq3I1EbPL5~_zixl                                       81       1.2 ( 52.9%)       1.6 ( 55.1%)
      zixl_L1U-tAI [G]~_zixl                                       1269446       0.2 ( 15.1%)       0.2 ( 13.2%)
      zixl_55-ASSdP3Ir1 [D]~_zixl                                   249462       0.0 (  2.3%)       0.0 (  0.0%)
      <zixl_I152>~_zixl                                                          1.0 ( 82.6%)       1.4 ( 86.8%)
    zixl_irY-rPL6iq3I1bPL5 [E]~_zixl                                   127       1.0 ( 44.1%)       1.3 ( 44.9%)
    zixl_5r5-I1512 [R]~_zixl                                           127       0.1 (  2.9%)       0.0 (  0.0%)

    zixl_irY-rPL5~_zixl                                               4775       1.9 ( 92.6%)       2.6 (100.0%)
    zixl_irY-rPL5E~_zixl                                              1488       0.2 (  7.4%)       0.0 (  0.0%)
  zixl_irY-52A21p6~_zixl                                              6263       2.0                2.6         
    zixl_5Pet1 [H]~_zixl                                              4775       1.3 ( 63.0%)       2.1 ( 82.8%)
    zixl_irY-52A21p6[iLi2]~_zixl                                      1488       0.2 (  7.3%)       0.0 (  0.0%)
    zixl_3LSP [F]~_zixl                                               4774       0.1 (  3.9%)       0.2 (  6.3%)
    zixl_L1U-tAI [RD]~_zixl                                         267922       0.0 (  1.9%)       0.0 (  1.7%)
    <zixl_I152>~_zixl                                                            0.5 ( 23.7%)       0.2 (  9.2%)

    zixl_irY-yA51bA515~_zixl                                       2210141       0.3 ( 23.1%)       0.4 ( 21.6%)
    zixl_irY-rPL6iq3I1xi62gIPL2i1I~_zixl                            499047       0.1 (  4.9%)       0.1 (  4.9%)
    zixl_irY-rPL6iq3I1gIPL2i1I~_zixl                                568134       0.1 (  6.1%)       0.1 (  5.5%)
    zixl_irY-rPL6iq3I1EbPL5~_zixl                                  1269446       0.2 ( 13.0%)       0.2 ( 12.4%)
    zixl_irY-rPL6iq3I1bPL5~_zixl                                   1145378       0.2 ( 11.0%)       0.2 ( 11.2%)
    zixl_irY-52A21p6[gIPL2i1I]~_zixl                                132030       0.0 (  1.2%)       0.0 (  1.3%)
    zixl_irY-iLi2iA2iPL~_zixl                                       936647       0.1 (  9.4%)       0.2 (  9.3%)
    zixl_irY-52A21p6~_zixl                                          267922       0.0 (  2.6%)       0.0 (  2.6%)
    zixl_irY-rPL5E~_zixl                                            162855       0.0 (  3.0%)       0.0 (  2.6%)
    zixl_5r5-5Pet1~_zixl                                            206651       0.1 (  5.0%)       0.1 (  7.3%)
    zixl_irY-rPL6iq3I1xi62~_zixl                                    461835       0.1 (  4.6%)       0.1 (  4.5%)
    zixl_reA35i6O~_zixl                                            1648433       0.2 ( 15.0%)       0.3 ( 16.1%)
    <zixl_58i441S>~_zixl                                                         0.0 (  1.1%)       0.0 (  0.7%)
  zixl_L1U-tAI~_zixl                                               9538110       1.5                1.7         
    zixl_3LSP [E]~_zixl                                               1165       0.1 (  4.6%)       0.1 (  6.9%)
    <zixl_I152>~_zixl                                                            1.4 ( 95.4%)       1.6 ( 93.1%)

    zixl_irY-I1512dPet1I5~_zixl                                        127       1.0 ( 80.8%)       1.3 ( 80.4%)
    zixl_irY-iLtAIiAL25~_zixl                                           24       0.2 ( 19.2%)       0.3 ( 19.6%)
  zixl_irY-rPL6iq3I1bPL5~_zixl                                         151       1.3                1.6         
    zixl_L1U-tAI [J]~_zixl                                         1145378       0.2 ( 12.4%)       0.2 ( 11.8%)
    zixl_I1ZPt1-5A2i56i1S [Y]~_zixl                                    755       0.0 (  3.3%)       0.1 (  4.0%)
    zixl_55-ASSdP3Ir1 [F]~_zixl                                     261799       0.0 (  1.6%)       0.0 (  0.0%)
    <zixl_I152>~_zixl                                                            1.0 ( 81.5%)       1.4 ( 84.2%)
    <zixl_58i441S>~_zixl                                                         0.0 (  1.3%)       0.0 (  0.0%)

    zixl_52e-ei62~_zixl                                             499109       0.8 ( 84.6%)       1.4 ( 80.0%)
    zixl_4yA-5Pet1-5Pet1~_zixl                                        7881       0.1 ( 14.1%)       0.3 ( 18.1%)
    zixl_I14-2IAr1~_zixl                                               365       0.0 (  1.3%)       0.0 (  1.8%)
  zixl_reA35i6O~_zixl                                               507356       1.0                1.8         
    zixl_L1U-tAI [RK]~_zixl                                        1648433       0.2 ( 22.2%)       0.3 ( 15.1%)
    <zixl_I152>~_zixl                                                            0.8 ( 77.8%)       1.5 ( 84.9%)

    zixl_IAI-6iI1dA61~_zixl                                            166       0.8 (100.0%)       0.0 (100.0%)
  zixl_IAI-ASSgI11s553Z15~_zixl                                        175       0.8                0.0         
    zixl_4r-rPi [E]~_zixl                                               16       0.8 ( 99.6%)       0.0 (  0.0%)
    zixl_IAI-iLi2B1qi521I5 [T]~_zixl                                    16       0.0 (  0.3%)       0.0 ( 99.9%)

    zixl_IAI-ASSgI11s553Z15~_zixl                                       16       0.8 (100.0%)       0.0 ( -nan%)
  zixl_4r-rPi~_zixl                                                     23       0.8                0.0         
    zixl_rPi-y3ieS~_zixl                                                 3       0.8 ( 98.0%)       0.0 ( -nan%)
      zixl_rPi-rPZy~_zixl                                           137282       0.4 ( 53.3%)       0.0 ( -nan%)
        zixl_rPi-54-3LiPLp6 [E]~_zixl                               147948       0.4 ( 92.1%)       0.0 ( -nan%)
        zixl_rPi-54-3LiPLp6~_zixl                                   147948       0.0 (  2.0%)       0.0 ( -nan%)
        <zixl_I152>~_zixl                                                        0.0 (  5.9%)       0.0 ( -nan%)
      zixl_rPi-510~_zixl                                                 9       0.4 ( 45.1%)       0.0 ( -nan%)
        zixl_rPi-rPZ4I155~_zixl                                          9       0.4 ( 99.2%)       0.0 ( -nan%)
          zixl_rPi-54-ZA81bALPLirAe~_zixl                            73422       0.3 ( 95.1%)       0.0 ( -nan%)
          zixl_rPi-54-3LiPLfi66 [E]~_zixl                              393       0.0 (  2.1%)       0.0 ( -nan%)
          <zixl_I152>~_zixl                                                      0.0 (  2.6%)       0.0 ( -nan%)
      <zixl_I152>~_zixl                                                          0.0 (  1.7%)       0.0 ( -nan%)
    <zixl_I152>~_zixl                                                            0.0 (  2.0%)       0.0 ( -nan%)

    zixl_5Pet1~_zixl                                                 10370       0.6 ( 84.1%)       0.9 ( 83.7%)
    zixl_irY-rPL6iq3I1xi62gIPL2i1I~_zixl                               845       0.0 (  2.4%)       0.0 (  2.5%)
    zixl_irY-rPL6iq3I1gIPL2i1I~_zixl                                   405       0.0 (  3.0%)       0.0 (  3.0%)
    zixl_irY-rPL6iq3I1bPL5~_zixl                                       755       0.0 (  6.0%)       0.1 (  6.2%)
    zixl_irY-rPL6iq3I1xi62~_zixl                                       845       0.0 (  2.2%)       0.0 (  2.4%)
    zixl_irY-iLi2iA2iPL~_zixl                                          415       0.0 (  2.3%)       0.0 (  2.2%)
  zixl_I1ZPt1-5A2i56i1S~_zixl                                        13635       0.7                1.0         

    zixl_irY-5Pet1[rPL6iq3I1]~_zixl                                     81       0.0 (  7.2%)       0.0 (  6.1%)
    zixl_irY-I1512xi62dPet1I5~_zixl                                     88       0.5 ( 92.8%)       0.6 ( 93.9%)
  zixl_irY-rPL6iq3I1xi62gIPL2i1I~_zixl                                 169       0.5                0.6         
    zixl_L1U-tAI [Y]~_zixl                                          499047       0.1 ( 13.4%)       0.1 ( 13.0%)
    zixl_I1ZPt1-5A2i56i1S [R]~_zixl                                    845       0.0 (  3.1%)       0.0 (  4.1%)
    zixl_55-ASSdP3Ir1 [T]~_zixl                                      97676       0.0 (  1.5%)       0.0 (  0.0%)
    zixl_71A4-I1y3ieS [R]~_zixl                                        169       0.0 (  1.1%)       0.0 (  0.0%)
    <zixl_I152>~_zixl                                                            0.4 ( 80.3%)       0.5 ( 83.0%)

  <zixl_58i441S>~_zixl                                                           3.0 (  5.8%)       2.0 (  2.9%)

================================================================================
== Profile: PEAK-MEMORY, CPU-freq = 2.60 GHz
                                                          Calls   Peak-Mb         
                                                                                  

    <zixl_543IiP35>~_zixl                                                1     196.0 (100.0%)
  zixl_5A5-ZAiL~_zixl                                                    1     196.0         
    zixl_5eAt1-I3L~_zixl                                                 1     196.0 (100.0%)
      zixl_5eAt1-I1rt~_zixl                                             35     196.0 (100.0%)
        zixl_5eAt1-191r321-2A58~_zixl                                   33     192.0 ( 98.0%)
          zixl_IAI-iZ4e-5Pet1~_zixl                                     33     192.0 (100.0%)
            zixl_IAI-5Pet1~_zixl                                        33     188.0 ( 97.9%)
              zixl_IAI-5Pet1-5Pet1~_zixl                               147     180.0 ( 95.7%)
                zixl_irY-5Pet1~_zixl                                   133     144.0 ( 80.0%)
                  zixl_irY-yA51bA515~_zixl                             130      72.0 ( 50.0%)
                    zixl_IAI-6iI1dA61 [E]~_zixl                         50      56.0 ( 77.8%)
                    zixl_L1U-tAI [T]~_zixl                         2210141      16.0 ( 22.2%)
                  zixl_irY-5Pet1[rPL6iq3I1]~_zixl                       81      32.0 ( 22.2%)
                    zixl_irY-I1512dPet1I5 [E]~_zixl                     81      20.0 ( 62.5%)
                    zixl_irY-rPL6iq3I1gIPL2i1I~_zixl                    81       8.0 ( 25.0%)
                      zixl_L1U-tAI [D]~_zixl                        568134       8.0 (100.0%)
                    zixl_irY-rPL6iq3I1xi62gIPL2i1I [E]~_zixl            81       4.0 ( 12.5%)
                  zixl_irY-52I1Lq271L~_zixl                            212      32.0 ( 22.2%)
                    zixl_irY-q1L1IAeiz1~_zixl                         1010      16.0 ( 50.0%)
                      zixl_irY-Zir~_zixl                              1010      16.0 (100.0%)
                        zixl_irY-r2qfPUL~_zixl                        8159      16.0 (100.0%)
                          zixl_irY-rPL51r32iPL [T]~_zixl              8990      16.0 (100.0%)
                    zixl_irY-iLi2iA2iPL [E]~_zixl                     1756       8.0 ( 25.0%)
                    zixl_irY-52A21p6[gIPL2i1I]~_zixl                   269       4.0 ( 12.5%)
                      zixl_L1U-tAI [K]~_zixl                        132030       4.0 (100.0%)
                    zixl_irY-rPL51r32iPL [E]~_zixl                    1847       4.0 ( 12.5%)
                  zixl_irY-I1512dPet1I5 [R]~_zixl                       46       4.0 (  2.8%)
                  zixl_irY-9A553Z15~_zixl                               88       4.0 (  2.8%)
                    <zixl_I152>~_zixl                                            4.0 (100.0%)
                zixl_ySS-5Pet1~_zixl                                    14      36.0 ( 20.0%)
                  zixl_yeL_ySS~_zixl                                    14      12.0 ( 33.3%)
                    zixl_yeL_ySS-Zr~_zixl                               13      12.0 (100.0%)
                  <zixl_I152>~_zixl                                             24.0 ( 66.7%)
              zixl_IAI-51234~_zixl                                     147       8.0 (  4.3%)
                zixl_55-I1512 [R]~_zixl                               1064       8.0 (100.0%)
            zixl_4r-4IPt1~_zixl                                         33       4.0 (  2.1%)
              zixl_55-I1512 [E]~_zixl                                    3       4.0 (100.0%)
        <zixl_I152>~_zixl                                                        4.0 (  2.0%)

    zixl_IAI-ASSgI11s553Z15~_zixl                                       16      56.0 (100.0%)
  zixl_4r-rPi~_zixl                                                     23      56.0         
    zixl_rPi-y3ieS~_zixl                                                 3      56.0 (100.0%)
      zixl_rPi-rPZy~_zixl                                           137282      52.0 ( 92.9%)
        zixl_rPi-54-3LiPLp6 [E]~_zixl                               147948      48.0 ( 92.3%)
        <zixl_I152>~_zixl                                                        4.0 (  7.7%)
      zixl_rPi-510~_zixl                                                 9       4.0 (  7.1%)
        zixl_rPi-rPZ4I155~_zixl                                          9       4.0 (100.0%)
          zixl_rPi-54-ZA81bALPLirAe~_zixl                            73422       4.0 (100.0%)

    zixl_irY-yA51bA515~_zixl                                            50      56.0 (100.0%)
  zixl_IAI-6iI1dA61~_zixl                                              166      56.0         
    zixl_IAI-ASSgI11s553Z15 [E]~_zixl                                  166      56.0 (100.0%)

    zixl_IAI-6iI1dA61~_zixl                                            166      56.0 (100.0%)
  zixl_IAI-ASSgI11s553Z15~_zixl                                        175      56.0         
    zixl_4r-rPi [E]~_zixl                                               16      56.0 (100.0%)

    zixl_rPi-rPZy~_zixl                                             147948      48.0 (100.0%)
  zixl_rPi-54-3LiPLp6~_zixl                                         148362      48.0         

    zixl_irY-yA51bA515~_zixl                                       2210141      16.0 ( 36.4%)
    zixl_irY-rPL6iq3I1gIPL2i1I~_zixl                                568134       8.0 ( 18.2%)
    zixl_irY-rPL6iq3I1EbPL5~_zixl                                  1269446       8.0 ( 18.2%)
    zixl_irY-rPL6iq3I1bPL5~_zixl                                   1145378       8.0 ( 18.2%)
    zixl_irY-52A21p6[gIPL2i1I]~_zixl                                132030       4.0 (  9.1%)
  zixl_L1U-tAI~_zixl                                               9538110      44.0         
    <zixl_I152>~_zixl                                                           44.0 (100.0%)

    zixl_55-I1512~_zixl                                               1968      12.0 ( 50.0%)
    zixl_irY-iLi2iA2iPL~_zixl                                           60       8.0 ( 33.3%)
    zixl_ASS-e1AIL2-reA351~_zixl                                        16       4.0 ( 16.7%)
  zixl_L1U-r73L8~_zixl                                                2469      24.0         

    zixl_irY-5Pet1[rPL6iq3I1]~_zixl                                     81      20.0 ( 83.3%)
    zixl_irY-5Pet1~_zixl                                                46       4.0 ( 16.7%)
  zixl_irY-I1512dPet1I5~_zixl                                          127      24.0         
    zixl_irY-rPL6iq3I1EbPL5~_zixl                                       81      12.0 ( 50.0%)
      zixl_L1U-tAI [G]~_zixl                                       1269446       8.0 ( 66.7%)
      <zixl_I152>~_zixl                                                          4.0 ( 33.3%)
    zixl_irY-rPL6iq3I1bPL5 [E]~_zixl                                   127      12.0 ( 50.0%)

    zixl_irY-52I1Lq271L~_zixl                                         1847       4.0 ( 20.0%)
    zixl_irY-r2qfPUL~_zixl                                            8990      16.0 ( 80.0%)
  zixl_irY-rPL51r32iPL~_zixl                                         11696      20.0         
    zixl_irY-rPL5E~_zixl                                              2337      12.0 ( 60.0%)
      zixl_irY-52A21p6 [R]~_zixl                                      1488       8.0 ( 66.7%)
      zixl_5Pet1 [F]~_zixl                                            2337       4.0 ( 33.3%)
    zixl_irY-rPL5~_zixl                                               9359       8.0 ( 40.0%)
      zixl_5r5-5Pet1 [R]~_zixl                                        9359       8.0 (100.0%)

    zixl_irY-I1512dPet1I5~_zixl                                        127      12.0 (100.0%)
  zixl_irY-rPL6iq3I1bPL5~_zixl                                         151      12.0         
    zixl_L1U-tAI [J]~_zixl                                         1145378       8.0 ( 66.7%)
    zixl_55-ASSdP3Ir1 [F]~_zixl                                     261799       4.0 ( 33.3%)

    zixl_4r-4IPt1~_zixl                                                  3       4.0 ( 33.3%)
    zixl_IAI-51234~_zixl                                              1064       8.0 ( 66.7%)
  zixl_55-I1512~_zixl                                                 1968      12.0         
    zixl_L1U-r73L8 [E]~_zixl                                          1968      12.0 (100.0%)

    zixl_irY-rPL5E~_zixl                                              1488       8.0 (100.0%)
  zixl_irY-52A21p6~_zixl                                              6263       8.0         
    zixl_irY-52A21p6[iLi2]~_zixl                                      1488       8.0 (100.0%)

    zixl_irY-52I1Lq271L~_zixl                                         1756       8.0 (100.0%)
  zixl_irY-iLi2iA2iPL~_zixl                                          14153       8.0         
    zixl_L1U-r73L8 [F]~_zixl                                            60       8.0 (100.0%)

    zixl_5r5-5Pet1~_zixl                                             17324       4.0 ( 50.0%)
    zixl_irY-rPL5E~_zixl                                              2337       4.0 ( 50.0%)
  zixl_5Pet1~_zixl                                                   45678       8.0         
    zixl_ASS-e1AIL2-reA351~_zixl                                    194088       4.0 ( 50.0%)
      zixl_L1U-r73L8 [H]~_zixl                                          16       4.0 (100.0%)
    <zixl_I152>~_zixl                                                            4.0 ( 50.0%)

    zixl_irY-rPL6iq3I1xi62gIPL2i1I~_zixl                             97676       4.0 ( 50.0%)
    zixl_irY-rPL6iq3I1bPL5~_zixl                                    261799       4.0 ( 50.0%)
  zixl_55-ASSdP3Ir1~_zixl                                          1343053       8.0         

    zixl_irY-rPL5~_zixl                                               9359       8.0 (100.0%)
  zixl_5r5-5Pet1~_zixl                                               17324       8.0         
    zixl_5Pet1 [T]~_zixl                                             17324       4.0 ( 50.0%)
    <zixl_I152>~_zixl                                                            4.0 ( 50.0%)

    zixl_irY-5Pet1[rPL6iq3I1]~_zixl                                     81       4.0 (100.0%)
  zixl_irY-rPL6iq3I1xi62gIPL2i1I~_zixl                                 169       4.0         
    zixl_55-ASSdP3Ir1 [T]~_zixl                                      97676       4.0 (100.0%)

