2020-04-28 16:06:27.069977 (32373) main____ INFO    ----------------------------------------
2020-04-28 16:06:27.070165 (32373) main____ INFO    JasperGold version info
2020-04-28 16:06:27.070195 (32373) main____ INFO      tool      : JasperGold 2016.09
2020-04-28 16:06:27.070213 (32373) main____ INFO      version   : 2016.09p002 64 bits
2020-04-28 16:06:27.070227 (32373) main____ INFO      build date: 2016.11.28 18:08:37 PST
2020-04-28 16:06:27.070238 (32373) main____ INFO    ----------------------------------------
2020-04-28 16:06:27.070248 (32373) main____ INFO    Runtime info:
2020-04-28 16:06:27.070261 (32373) main____ INFO      platform  : Linux 3.10.0-957.21.3.el7.x86_64 x86_64
2020-04-28 16:06:27.070279 (32373) main____ INFO      hostname  : rsg24.stanford.edu
2020-04-28 16:06:27.070290 (32373) main____ INFO      pid       : 32373
2020-04-28 16:06:27.070301 (32373) main____ INFO      arguments : '-style' 'windows'
2020-04-28 16:06:27.070311 (32373) main____ INFO    ----------------------------------------
2020-04-28 16:06:27.072866 (32373) lic__man INFO    Claim 'main' for <ui>.
2020-04-28 16:06:27.078984 (32373) lic_core INFO    (1) checking out 'jasper_interactive' ...
2020-04-28 16:06:27.104203 (32373) lic_core INFO    ... (1) checkout succeeded
2020-04-28 16:06:27.104326 (32373) lic__man INFO    Claim 'fpv' for <ui>.
2020-04-28 16:06:27.104404 (32373) lic_core INFO    (2) checking out 'jasper_fpv' ...
2020-04-28 16:06:27.124566 (32373) lic_core INFO    ... (2) checkout succeeded
2020-04-28 16:06:29.745554 (32373) lic__man INFO    Claim 'fpv' for <ui>.
2020-04-28 16:06:29.928748 (32373) lic__man INFO    Unclaim 'fpv' for <ui>.
2020-04-28 16:06:29.928811 (32373) lic__man INFO    Claim 'fpv' for <ui>.
2020-04-28 16:06:30.031760 (32373) session_ INFO    Starting analysis session with session id 'session_0' ...
2020-04-28 16:06:30.035498 (32373) session_ INFO    Analysis session with session id 'session_0' started (pid: 32391)
2020-04-28 16:06:41.090305 (32373) session_ INFO    Analysis session 'session_0' connected to the console (host: 172.24.74.55:55432)
2020-04-28 16:07:04.608385 (32373) lic__man INFO    Unclaim everything for 'session_0*'.
2020-04-28 16:07:36.835634 (32373) lic__man INFO    Claim 'fpv' for 'session_0'.
2020-04-28 16:07:37.941572 (32373) lic__man INFO    Unclaim everything for 'session_0/prove-0'.
2020-04-28 16:21:41.774572 (32373) lic__man INFO    Entering idle state.
2020-04-28 16:31:17.492524 (32373) lic__man INFO    Leaving idle state.
2020-04-28 16:32:07.388945 (32373) lic__man INFO    Unclaim everything for 'session_0/prove-1'.
2020-04-28 16:40:33.885608 (32373) lic__man INFO    Entering idle state.
2020-04-28 18:10:06.654441 (32373) main____ INFO    About to exit: requested from GUI
2020-04-28 18:10:07.584140 (32373) main____ INFO    Exiting.
