================================================================================
== Profile: REAL-TIME, CPU-freq = 2.60 GHz
                                                          Calls Real-Time  Parent 
                                                                   (secs) fraction

    <zixl_543IiP35>~_zixl                                                1       5.9 (100.0%)
  zixl_zi_z57_ZAiL:q325~_zixl                                            1       5.9         
    zixl_zi_z57_rI1A21_5Le_ALS_4118tAI~_zixl                             1       5.2 ( 88.9%)
      zixl_zi_rI1A21_5Le_ALS_4118tAI_6PI_qIA47~_zixl                     1       4.4 ( 85.0%)
        zixl_dQx-rI1A2iPL~_zixl                                          1       3.8 ( 86.3%)
          zixl_p42iZiz1QeV94I:p42V94INAye1~_zixl                         1       0.4 ( 10.8%)
          zixl_bPLt1I2QeV94INPdLeV94I~_zixl                              1       0.2 (  5.2%)
            zixl_y3ieS_194I~_zixl                                    50023       0.0 ( 19.6%)
              <zixl_I152>~_zixl                                                  0.0 ( 99.4%)
            zixl_4P52_4IPr155_194I~_zixl                             50023       0.0 (  3.1%)
            <zixl_I152>~_zixl                                                    0.2 ( 77.4%)
          zixl_dLen1Ii6OV94Ic1IP [E]~_zixl                              58       0.1 (  2.4%)
          <zixl_I152>~_zixl                                                      3.1 ( 80.5%)
          <zixl_58i441S>~_zixl                                                   0.0 (  1.1%)
        zixl_zi_A16_4IPr155_eiL81S_qIA47~_zixl                           1       0.5 ( 11.9%)
          zixl_Le-LPS1-AeePr-4IiL2Aye1-LAZ1~_zixl                    10195       0.1 ( 16.5%)
            zixl_Le-LPS1-AeePr-4IiL2Aye1-LAZ1-3Li6i1S~_zixl          10195       0.1 ( 99.3%)
          <zixl_I152>~_zixl                                                      0.4 ( 83.5%)
        <zixl_I152>~_zixl                                                        0.1 (  1.4%)
      zixl_zi_A16_51234_ALS_rI1A21_L12ei52_6PIZAe~_zixl                  1       0.5 ( 10.1%)
        zixl_A16_6PIZAe_rI1A21_L12ei52~_zixl                             1       0.4 ( 78.1%)
          zixl_zi_A16_6PIZAe_rI1A21_L12ei52~_zixl                        1       0.4 ( 99.7%)
            zixl_zi_SyP_ZPS1e_q12_PI_ZA81_Le_qIA47_r352PZ [E]~_zixl        120       0.4 ( 95.5%)
            zixl_6eA221L_qIA47_I1Ae [E]~_zixl                           60       0.0 (  3.6%)
        zixl_A16_6PIZAe_rI1A21_SyP_ZPS1e5_SAq~_zixl                      1       0.1 ( 21.8%)
      zixl_zi_A16_6eA221L_6PI_6PIZAe~_zixl                               1       0.3 (  4.9%)
        zixl_zi_A16_6eA221L_L12ei52_6PIZAe~_zixl                         1       0.3 (100.0%)
          zixl_6eA221L_qIA47_I1Ae [R]~_zixl                              1       0.2 ( 86.6%)
          <zixl_I152>~_zixl                                                      0.0 ( 13.4%)
    <zixl_I152>~_zixl                                                            0.7 ( 11.1%)

    zixl_zi_A16_6PIZAe_rI1A21_L12ei52~_zixl                            120       0.4 ( 99.9%)
  zixl_zi_SyP_ZPS1e_q12_PI_ZA81_Le_qIA47_r352PZ~_zixl                  304       0.4         
    zixl_zi_Le_I52I_qIA47_ePrAe~_zixl                                   60       0.2 ( 59.4%)
    <zixl_I152>~_zixl                                                            0.2 ( 40.6%)

    zixl_zi_A16_6PIZAe_rI1A21_L12ei52~_zixl                             60       0.0 (  6.2%)
    zixl_zi_A16_6eA221L_L12ei52_6PIZAe~_zixl                             1       0.2 ( 93.8%)
  zixl_6eA221L_qIA47_I1Ae~_zixl                                         61       0.2         
    zixl_zi_Le_iLeiL1_53yr82~_zixl                                     184       0.1 ( 48.4%)
      <zixl_I152>~_zixl                                                          0.1 ( 99.7%)
    <zixl_I152>~_zixl                                                            0.1 ( 51.6%)

    zixl_dQx-rI1A2iPL~_zixl                                             58       0.1 (100.0%)
  zixl_dLen1Ii6OV94Ic1IP~_zixl                                         122       0.1         
    <zixl_I152>~_zixl                                                            0.1 ( 99.9%)


================================================================================
== Profile: PEAK-MEMORY, CPU-freq = 2.60 GHz
                                                          Calls   Peak-Mb         
                                                                                  

    <zixl_543IiP35>~_zixl                                                1     368.0 (100.0%)
  zixl_zi_z57_ZAiL:q325~_zixl                                            1     368.0         
    zixl_zi_z57_rI1A21_5Le_ALS_4118tAI~_zixl                             1     368.0 (100.0%)
      zixl_zi_rI1A21_5Le_ALS_4118tAI_6PI_qIA47~_zixl                     1     248.0 ( 67.4%)
        zixl_dQx-rI1A2iPL~_zixl                                          1     160.0 ( 64.5%)
          zixl_bPLL1r2g323I1bePr8V94I5~_zixl                             1      84.0 ( 52.5%)
            <zixl_I152>~_zixl                                                   84.0 (100.0%)
          zixl_bPLt1I2QeV94INPdLeV94I~_zixl                              1      24.0 ( 15.0%)
            zixl_y3ieS_194I~_zixl                                    50023       8.0 ( 33.3%)
              <zixl_I152>~_zixl                                                  8.0 (100.0%)
            <zixl_I152>~_zixl                                                   16.0 ( 66.7%)
          zixl_p42iZiz1QeV94I:p42V94INAye1~_zixl                         1       8.0 (  5.0%)
          <zixl_I152>~_zixl                                                     44.0 ( 27.5%)
        zixl_zi_A16_4IPr155_eiL81S_qIA47~_zixl                           1       8.0 (  3.2%)
          <zixl_I152>~_zixl                                                      8.0 (100.0%)
        <zixl_I152>~_zixl                                                       80.0 ( 32.3%)
      zixl_zi_A16_51234_ALS_rI1A21_L12ei52_6PIZAe~_zixl                  1     108.0 ( 29.3%)
        zixl_A16_6PIZAe_rI1A21_L12ei52~_zixl                             1     104.0 ( 96.3%)
          zixl_zi_A16_6PIZAe_rI1A21_L12ei52~_zixl                        1     104.0 (100.0%)
            zixl_zi_SyP_ZPS1e_q12_PI_ZA81_Le_qIA47_r352PZ [E]~_zixl        120     104.0 (100.0%)
        zixl_A16_6PIZAe_rI1A21_SyP_ZPS1e5_SAq~_zixl                      1       4.0 (  3.7%)
      zixl_zi_A16_6eA221L_6PI_6PIZAe~_zixl                               1      12.0 (  3.3%)
        zixl_zi_A16_6eA221L_L12ei52_6PIZAe~_zixl                         1      12.0 (100.0%)
          zixl_6eA221L_qIA47_I1Ae [R]~_zixl                              1      12.0 (100.0%)

    zixl_zi_A16_6PIZAe_rI1A21_L12ei52~_zixl                            120     104.0 (100.0%)
  zixl_zi_SyP_ZPS1e_q12_PI_ZA81_Le_qIA47_r352PZ~_zixl                  304     104.0         
    zixl_zi_Le_I52I_qIA47_ePrAe~_zixl                                   60      16.0 ( 15.4%)
    <zixl_I152>~_zixl                                                           88.0 ( 84.6%)

    zixl_zi_A16_6eA221L_L12ei52_6PIZAe~_zixl                             1      12.0 (100.0%)
  zixl_6eA221L_qIA47_I1Ae~_zixl                                         61      12.0         
    <zixl_I152>~_zixl                                                           12.0 (100.0%)

